Log file open, 02/09/25 17:41:50
LogWindows: Failed to load 'aqProf.dll' (GetLastError=126)
LogWindows: File 'aqProf.dll' does not exist
LogWindows: Failed to load 'VtuneApi.dll' (GetLastError=126)
LogWindows: File 'VtuneApi.dll' does not exist
LogWindows: Failed to load 'VtuneApi32e.dll' (GetLastError=126)
LogWindows: File 'VtuneApi32e.dll' does not exist
LogConsoleResponse: Display: Failed to find resolution value strings in scalability ini. Falling back to default.
LogConsoleResponse: Display: Failed to find resolution value strings in scalability ini. Falling back to default.
LogInit: Display: Running engine for game: MyProject
LogPlatformFile: Not using cached read wrapper
LogTaskGraph: Started task graph with 5 named threads and 23 total threads with 3 sets of task threads.
LogStats: Stats thread started at 0.933005
LogICUInternationalization: ICU TimeZone Detection - Raw Offset: +3:00, Platform Override: ''
LogInit: Display: Loading text-based GConfig....
LogPluginManager: Mounting plugin MeshPainting
LogPluginManager: Mounting plugin XGEController
LogPluginManager: Mounting plugin AISupport
LogPluginManager: Mounting plugin Paper2D
LogPluginManager: Mounting plugin EnvironmentQueryEditor
LogPluginManager: Mounting plugin LiveLink
LogPluginManager: Mounting plugin LightPropagationVolume
LogPluginManager: Mounting plugin CameraShakePreviewer
LogPluginManager: Mounting plugin GameplayCameras
LogPluginManager: Mounting plugin OodleData
LogPluginManager: Mounting plugin AssetManagerEditor
LogPluginManager: Mounting plugin OodleNetwork
LogPluginManager: Mounting plugin CryptoKeys
LogPluginManager: Mounting plugin VariantManagerContent
LogPluginManager: Mounting plugin CurveEditorTools
LogPluginManager: Mounting plugin DataValidation
LogPluginManager: Mounting plugin FacialAnimation
LogPluginManager: Mounting plugin GameplayTagsEditor
LogPluginManager: Mounting plugin GeometryMode
LogPluginManager: Mounting plugin MacGraphicsSwitching
LogPluginManager: Mounting plugin MaterialAnalyzer
LogPluginManager: Mounting plugin MobileLauncherProfileWizard
LogPluginManager: Mounting plugin PluginBrowser
LogPluginManager: Mounting plugin SpeedTreeImporter
LogPluginManager: Mounting plugin MagicLeap
LogPluginManager: Mounting plugin LuminPlatformFeatures
LogPluginManager: Mounting plugin MagicLeapLightEstimation
LogPluginManager: Mounting plugin DatasmithContent
LogPluginManager: Mounting plugin MagicLeapPassableWorld
LogPluginManager: Mounting plugin MLSDK
LogPluginManager: Mounting plugin AndroidMedia
LogPluginManager: Mounting plugin AlembicImporter
LogPluginManager: Mounting plugin AutomationUtils
LogPluginManager: Mounting plugin BackChannel
LogPluginManager: Mounting plugin MagicLeapMedia
LogPluginManager: Mounting plugin ChaosCloth
LogPluginManager: Mounting plugin ChaosClothEditor
LogPluginManager: Mounting plugin ChaosEditor
LogPluginManager: Mounting plugin ChaosNiagara
LogPluginManager: Mounting plugin ChaosSolverPlugin
LogPluginManager: Mounting plugin AvfMedia
LogPluginManager: Mounting plugin ImgMedia
LogPluginManager: Mounting plugin MediaCompositing
LogPluginManager: Mounting plugin CharacterAI
LogPluginManager: Mounting plugin GeometryCache
LogPluginManager: Mounting plugin GeometryCollectionPlugin
LogPluginManager: Mounting plugin MediaPlayerEditor
LogPluginManager: Mounting plugin WebMMedia
LogPluginManager: Mounting plugin WmfMedia
LogPluginManager: Mounting plugin GeometryProcessing
LogPluginManager: Mounting plugin TcpMessaging
LogPluginManager: Mounting plugin UdpMessaging
LogPluginManager: Mounting plugin MotoSynth
LogPluginManager: Mounting plugin OpenImageDenoise
LogPluginManager: Mounting plugin PlanarCut
LogPluginManager: Mounting plugin PlatformCrypto
LogPluginManager: Mounting plugin PythonScriptPlugin
LogPluginManager: Mounting plugin ProxyLODPlugin
LogPluginManager: Mounting plugin SkeletalReduction
LogPluginManager: Mounting plugin ActorSequence
LogPluginManager: Mounting plugin MatineeToLevelSequence
LogPluginManager: Mounting plugin LevelSequenceEditor
LogPluginManager: Mounting plugin OnlineSubsystem
LogPluginManager: Mounting plugin TemplateSequence
LogPluginManager: Mounting plugin OnlineSubsystemNull
LogPluginManager: Mounting plugin OnlineSubsystemUtils
LogPluginManager: Mounting plugin LauncherChunkInstaller
LogPluginManager: Mounting plugin ActorLayerUtilities
LogPluginManager: Mounting plugin AndroidMoviePlayer
LogPluginManager: Mounting plugin AndroidDeviceProfileSelector
LogPluginManager: Mounting plugin AndroidPermission
LogPluginManager: Mounting plugin AppleMoviePlayer
LogPluginManager: Mounting plugin AppleImageUtils
LogPluginManager: Mounting plugin AssetTags
LogPluginManager: Mounting plugin ArchVisCharacter
LogPluginManager: Mounting plugin AudioCapture
LogPluginManager: Mounting plugin AudioSynesthesia
LogPluginManager: Mounting plugin CustomMeshComponent
LogPluginManager: Mounting plugin ChunkDownloader
LogPluginManager: Mounting plugin CableComponent
LogPluginManager: Mounting plugin EditableMesh
LogPluginManager: Mounting plugin ExampleDeviceProfileSelector
LogPluginManager: Mounting plugin GoogleCloudMessaging
LogPluginManager: Mounting plugin GooglePAD
LogPluginManager: Mounting plugin IOSDeviceProfileSelector
LogPluginManager: Mounting plugin LinuxDeviceProfileSelector
LogPluginManager: Mounting plugin LocationServicesBPLibrary
LogPluginManager: Mounting plugin MobilePatchingUtils
LogPluginManager: Mounting plugin OpenXR
LogPluginManager: Mounting plugin OpenXREyeTracker
LogPluginManager: Mounting plugin OpenXRHandTracking
LogPluginManager: Mounting plugin PhysXVehicles
LogPluginManager: Mounting plugin ProceduralMeshComponent
LogPluginManager: Mounting plugin PostSplashScreen
LogPluginManager: Mounting plugin PropertyAccessEditor
LogPluginManager: Mounting plugin RuntimePhysXCooking
LogPluginManager: Mounting plugin SignificanceManager
LogPluginManager: Mounting plugin SoundFields
LogPluginManager: Mounting plugin Synthesis
LogPluginManager: Mounting plugin WebMMoviePlayer
LogPluginManager: Mounting plugin WindowsMoviePlayer
LogPluginManager: Mounting plugin ScreenshotTools
LogPluginManager: Mounting plugin Takes
LogPluginManager: Mounting plugin AnimationSharing
LogPluginManager: Mounting plugin CodeLiteSourceCodeAccess
LogPluginManager: Mounting plugin CLionSourceCodeAccess
LogPluginManager: Mounting plugin GitSourceControl
LogPluginManager: Mounting plugin KDevelopSourceCodeAccess
LogPluginManager: Mounting plugin NullSourceCodeAccess
LogPluginManager: Mounting plugin PerforceSourceControl
LogPluginManager: Mounting plugin PixWinPlugin
LogPluginManager: Mounting plugin PlasticSourceControl
LogPluginManager: Mounting plugin PluginUtils
LogPluginManager: Mounting plugin RiderSourceCodeAccess
LogPluginManager: Mounting plugin SubversionSourceControl
LogPluginManager: Mounting plugin PropertyAccessNode
LogPluginManager: Mounting plugin TextureFormatOodle
LogPluginManager: Mounting plugin VisualStudioCodeSourceCodeAccess
LogPluginManager: Mounting plugin UObjectPlugin
LogPluginManager: Mounting plugin XCodeSourceCodeAccess
LogPluginManager: Mounting plugin VisualStudioSourceCodeAccess
LogPluginManager: Mounting plugin Niagara
LogPluginManager: Mounting plugin ContentBrowserAssetDataSource
LogPluginManager: Mounting plugin ContentBrowserClassDataSource
LogPluginManager: Mounting plugin ContentBrowserFileDataSource
LogPluginManager: Mounting plugin OnlineSubsystemGooglePlay
LogPluginManager: Mounting plugin OnlineSubsystemIOS
LogPluginManager: Mounting plugin OculusVR
LogPluginManager: Mounting plugin SteamVR
LogInit: Using libcurl 7.55.1-DEV
LogInit:  - built for x86_64-pc-win32
LogInit:  - supports SSL with OpenSSL/1.1.1
LogInit:  - supports HTTP deflate (compression) using libz 1.2.8
LogInit:  - other features:
LogInit:      CURL_VERSION_SSL
LogInit:      CURL_VERSION_LIBZ
LogInit:      CURL_VERSION_IPV6
LogInit:      CURL_VERSION_ASYNCHDNS
LogInit:      CURL_VERSION_LARGEFILE
LogInit:      CURL_VERSION_IDN
LogInit:  CurlRequestOptions (configurable via config and command line):
LogInit:  - bVerifyPeer = true  - Libcurl will verify peer certificate
LogInit:  - bUseHttpProxy = false  - Libcurl will NOT use HTTP proxy
LogInit:  - bDontReuseConnections = false  - Libcurl will reuse connections
LogInit:  - MaxHostConnections = 16  - Libcurl will limit the number of connections to a host
LogInit:  - LocalHostAddr = Default
LogInit:  - BufferSize = 65536
LogOnline: OSS: Creating online subsystem instance for: NULL
LogInit: WinSock: version 1.1 (2.2), MaxSocks=32767, MaxUdp=65467
LogOnline: OSS: TryLoadSubsystemAndSetDefault: Loaded subsystem for module [NULL]
PixWinPlugin: PIX capture plugin failed to initialize! Check that the process is launched from PIX.
LogOculusPluginWrapper: OculusPlugin initialized successfully
LogHMD: Failed initializing OVRPlugin 1.59.0
LogInit: Build: ++UE4+Release-4.27-CL-18319896
LogInit: Engine Version: 4.27.2-18319896+++UE4+Release-4.27
LogInit: Compatible Engine Version: 4.27.0-17155196+++UE4+Release-4.27
LogInit: Net CL: 17155196
LogInit: OS: Windows 10 (Release 2009) (), CPU: Intel(R) Core(TM) i3-10100F CPU @ 3.60GHz, GPU: NVIDIA GeForce RTX 4060
LogInit: Compiled (64-bit): Nov 30 2021 07:12:08
LogInit: Compiled with Visual C++: 19.24.28315.00
LogInit: Build Configuration: Development
LogInit: Branch Name: ++UE4+Release-4.27
LogInit: Command Line: 
LogInit: Base Directory: D:/Epic Games/UE_4.27/Engine/Binaries/Win64/
LogInit: Allocator: TBB
LogInit: Installed Engine Build: 1
LogDevObjectVersion: Number of dev versions registered: 29
LogDevObjectVersion:   Dev-Blueprints (B0D832E4-1F89-4F0D-ACCF-7EB736FD4AA2): 10
LogDevObjectVersion:   Dev-Build (E1C64328-A22C-4D53-A36C-8E866417BD8C): 0
LogDevObjectVersion:   Dev-Core (375EC13C-06E4-48FB-B500-84F0262A717E): 4
LogDevObjectVersion:   Dev-Editor (E4B068ED-F494-42E9-A231-DA0B2E46BB41): 40
LogDevObjectVersion:   Dev-Framework (CFFC743F-43B0-4480-9391-14DF171D2073): 37
LogDevObjectVersion:   Dev-Mobile (B02B49B5-BB20-44E9-A304-32B752E40360): 3
LogDevObjectVersion:   Dev-Networking (A4E4105C-59A1-49B5-A7C5-40C4547EDFEE): 0
LogDevObjectVersion:   Dev-Online (39C831C9-5AE6-47DC-9A44-9C173E1C8E7C): 0
LogDevObjectVersion:   Dev-Physics (78F01B33-EBEA-4F98-B9B4-84EACCB95AA2): 14
LogDevObjectVersion:   Dev-Platform (6631380F-2D4D-43E0-8009-CF276956A95A): 0
LogDevObjectVersion:   Dev-Rendering (12F88B9F-8875-4AFC-A67C-D90C383ABD29): 45
LogDevObjectVersion:   Dev-Sequencer (7B5AE74C-D270-4C10-A958-57980B212A5A): 13
LogDevObjectVersion:   Dev-VR (D7296918-1DD6-4BDD-9DE2-64A83CC13884): 3
LogDevObjectVersion:   Dev-LoadTimes (C2A15278-BFE7-4AFE-6C17-90FF531DF755): 1
LogDevObjectVersion:   Private-Geometry (6EACA3D4-40EC-4CC1-B786-8BED09428FC5): 3
LogDevObjectVersion:   Dev-AnimPhys (29E575DD-E0A3-4627-9D10-D276232CDCEA): 17
LogDevObjectVersion:   Dev-Anim (AF43A65D-7FD3-4947-9873-3E8ED9C1BB05): 15
LogDevObjectVersion:   Dev-ReflectionCapture (6B266CEC-1EC7-4B8F-A30B-E4D90942FC07): 1
LogDevObjectVersion:   Dev-Automation (0DF73D61-A23F-47EA-B727-89E90C41499A): 1
LogDevObjectVersion:   FortniteMain (601D1886-AC64-4F84-AA16-D3DE0DEAC7D6): 47
LogDevObjectVersion:   FortniteRelease (E7086368-6B23-4C58-8439-1B7016265E91): 1
LogDevObjectVersion:   Dev-Enterprise (9DFFBCD6-494F-0158-E221-12823C92A888): 10
LogDevObjectVersion:   Dev-Niagara (F2AED0AC-9AFE-416F-8664-AA7FFA26D6FC): 1
LogDevObjectVersion:   Dev-Destruction (174F1F0B-B4C6-45A5-B13F-2EE8D0FB917D): 10
LogDevObjectVersion:   Dev-Physics-Ext (35F94A83-E258-406C-A318-09F59610247C): 41
LogDevObjectVersion:   Dev-PhysicsMaterial-Chaos (B68FC16E-8B1B-42E2-B453-215C058844FE): 1
LogDevObjectVersion:   Dev-CineCamera (B2E18506-4273-CFC2-A54E-F4BB758BBA07): 1
LogDevObjectVersion:   Dev-VirtualProduction (64F58936-FD1B-42BA-BA96-7289D5D0FA4E): 1
LogDevObjectVersion:   Dev-MediaFramework (6F0ED827-A609-4895-9C91-998D90180EA4): 2
LogInit: Presizing for max 25165824 objects, including 0 objects not considered by GC, pre-allocating 0 bytes for permanent pool.
LogConfig: Applying CVar settings from Section [/Script/Engine.StreamingSettings] File [C:/Users/ganic/OneDrive/Документы/Unreal Projects/UE4G/MyProject/Saved/Config/Windows/Engine.ini]
LogConfig: Setting CVar [[s.MinBulkDataSizeForAsyncLoading:131072]]
LogConfig: Setting CVar [[s.AsyncLoadingThreadEnabled:0]]
LogConfig: Setting CVar [[s.EventDrivenLoaderEnabled:1]]
LogConfig: Setting CVar [[s.WarnIfTimeLimitExceeded:0]]
LogConfig: Setting CVar [[s.TimeLimitExceededMultiplier:1.5]]
LogConfig: Setting CVar [[s.TimeLimitExceededMinTime:0.005]]
LogConfig: Setting CVar [[s.UseBackgroundLevelStreaming:1]]
LogConfig: Setting CVar [[s.PriorityAsyncLoadingExtraTime:15.0]]
LogConfig: Setting CVar [[s.LevelStreamingActorsUpdateTimeLimit:5.0]]
LogConfig: Setting CVar [[s.PriorityLevelStreamingActorsUpdateExtraTime:5.0]]
LogConfig: Setting CVar [[s.LevelStreamingComponentsRegistrationGranularity:10]]
LogConfig: Setting CVar [[s.UnregisterComponentsTimeLimit:1.0]]
LogConfig: Setting CVar [[s.LevelStreamingComponentsUnregistrationGranularity:5]]
LogConfig: Setting CVar [[s.FlushStreamingOnExit:1]]
LogInit: Object subsystem initialized
LogConfig: Setting CVar [[con.DebugEarlyDefault:1]]
LogConfig: Setting CVar [[r.setres:1280x720]]
[2025.02.09-14.41.51:613][  0]LogConfig: Setting CVar [[r.VSync:0]]
[2025.02.09-14.41.51:613][  0]LogConfig: Setting CVar [[r.RHICmdBypass:0]]
[2025.02.09-14.41.51:613][  0]LogConfig: Applying CVar settings from Section [/Script/Engine.RendererSettings] File [C:/Users/ganic/OneDrive/Документы/Unreal Projects/UE4G/MyProject/Saved/Config/Windows/Engine.ini]
[2025.02.09-14.41.51:613][  0]LogConfig: Setting CVar [[r.GPUCrashDebugging:0]]
[2025.02.09-14.41.51:613][  0]LogConfig: Applying CVar settings from Section [/Script/Engine.RendererOverrideSettings] File [C:/Users/ganic/OneDrive/Документы/Unreal Projects/UE4G/MyProject/Saved/Config/Windows/Engine.ini]
[2025.02.09-14.41.51:613][  0]LogConfig: Applying CVar settings from Section [/Script/Engine.StreamingSettings] File [C:/Users/ganic/OneDrive/Документы/Unreal Projects/UE4G/MyProject/Saved/Config/Windows/Engine.ini]
[2025.02.09-14.41.51:613][  0]LogConfig: Setting CVar [[s.MinBulkDataSizeForAsyncLoading:131072]]
[2025.02.09-14.41.51:613][  0]LogConfig: Setting CVar [[s.AsyncLoadingThreadEnabled:0]]
[2025.02.09-14.41.51:613][  0]LogConfig: Setting CVar [[s.EventDrivenLoaderEnabled:1]]
[2025.02.09-14.41.51:613][  0]LogConfig: Setting CVar [[s.WarnIfTimeLimitExceeded:0]]
[2025.02.09-14.41.51:613][  0]LogConfig: Setting CVar [[s.TimeLimitExceededMultiplier:1.5]]
[2025.02.09-14.41.51:613][  0]LogConfig: Setting CVar [[s.TimeLimitExceededMinTime:0.005]]
[2025.02.09-14.41.51:613][  0]LogConfig: Setting CVar [[s.UseBackgroundLevelStreaming:1]]
[2025.02.09-14.41.51:613][  0]LogConfig: Setting CVar [[s.PriorityAsyncLoadingExtraTime:15.0]]
[2025.02.09-14.41.51:613][  0]LogConfig: Setting CVar [[s.LevelStreamingActorsUpdateTimeLimit:5.0]]
[2025.02.09-14.41.51:613][  0]LogConfig: Setting CVar [[s.PriorityLevelStreamingActorsUpdateExtraTime:5.0]]
[2025.02.09-14.41.51:613][  0]LogConfig: Setting CVar [[s.LevelStreamingComponentsRegistrationGranularity:10]]
[2025.02.09-14.41.51:613][  0]LogConfig: Setting CVar [[s.UnregisterComponentsTimeLimit:1.0]]
[2025.02.09-14.41.51:613][  0]LogConfig: Setting CVar [[s.LevelStreamingComponentsUnregistrationGranularity:5]]
[2025.02.09-14.41.51:613][  0]LogConfig: Setting CVar [[s.FlushStreamingOnExit:1]]
[2025.02.09-14.41.51:613][  0]LogConfig: Applying CVar settings from Section [/Script/Engine.GarbageCollectionSettings] File [C:/Users/ganic/OneDrive/Документы/Unreal Projects/UE4G/MyProject/Saved/Config/Windows/Engine.ini]
[2025.02.09-14.41.51:613][  0]LogConfig: Setting CVar [[gc.MaxObjectsNotConsideredByGC:1]]
[2025.02.09-14.41.51:613][  0]LogConfig: Setting CVar [[gc.SizeOfPermanentObjectPool:0]]
[2025.02.09-14.41.51:613][  0]LogConfig: Setting CVar [[gc.FlushStreamingOnGC:0]]
[2025.02.09-14.41.51:613][  0]LogConfig: Setting CVar [[gc.NumRetriesBeforeForcingGC:10]]
[2025.02.09-14.41.51:613][  0]LogConfig: Setting CVar [[gc.AllowParallelGC:1]]
[2025.02.09-14.41.51:613][  0]LogConfig: Setting CVar [[gc.TimeBetweenPurgingPendingKillObjects:61.1]]
[2025.02.09-14.41.51:613][  0]LogConfig: Setting CVar [[gc.MaxObjectsInEditor:25165824]]
[2025.02.09-14.41.51:613][  0]LogConfig: Setting CVar [[gc.IncrementalBeginDestroyEnabled:1]]
[2025.02.09-14.41.51:613][  0]LogConfig: Setting CVar [[gc.CreateGCClusters:1]]
[2025.02.09-14.41.51:613][  0]LogConfig: Setting CVar [[gc.MinGCClusterSize:5]]
[2025.02.09-14.41.51:613][  0]LogConfig: Setting CVar [[gc.ActorClusteringEnabled:0]]
[2025.02.09-14.41.51:613][  0]LogConfig: Setting CVar [[gc.BlueprintClusteringEnabled:0]]
[2025.02.09-14.41.51:613][  0]LogConfig: Setting CVar [[gc.UseDisregardForGCOnDedicatedServers:0]]
[2025.02.09-14.41.51:613][  0]LogConfig: Setting CVar [[gc.MultithreadedDestructionEnabled:1]]
[2025.02.09-14.41.51:613][  0]LogConfig: Applying CVar settings from Section [/Script/Engine.NetworkSettings] File [C:/Users/ganic/OneDrive/Документы/Unreal Projects/UE4G/MyProject/Saved/Config/Windows/Engine.ini]
[2025.02.09-14.41.51:613][  0]LogConfig: Applying CVar settings from Section [/Script/UnrealEd.CookerSettings] File [C:/Users/ganic/OneDrive/Документы/Unreal Projects/UE4G/MyProject/Saved/Config/Windows/Engine.ini]
[2025.02.09-14.41.51:641][  0]LogConfig: Applying CVar settings from Section [ViewDistanceQuality@3] File [C:/Users/ganic/OneDrive/Документы/Unreal Projects/UE4G/MyProject/Saved/Config/Windows/Scalability.ini]
[2025.02.09-14.41.51:641][  0]LogConfig: Setting CVar [[r.SkeletalMeshLODBias:0]]
[2025.02.09-14.41.51:641][  0]LogConfig: Setting CVar [[r.ViewDistanceScale:1.0]]
[2025.02.09-14.41.51:641][  0]LogConfig: Applying CVar settings from Section [AntiAliasingQuality@3] File [C:/Users/ganic/OneDrive/Документы/Unreal Projects/UE4G/MyProject/Saved/Config/Windows/Scalability.ini]
[2025.02.09-14.41.51:641][  0]LogConfig: Setting CVar [[r.PostProcessAAQuality:4]]
[2025.02.09-14.41.51:641][  0]LogConfig: Applying CVar settings from Section [ShadowQuality@3] File [C:/Users/ganic/OneDrive/Документы/Unreal Projects/UE4G/MyProject/Saved/Config/Windows/Scalability.ini]
[2025.02.09-14.41.51:641][  0]LogConfig: Setting CVar [[r.LightFunctionQuality:1]]
[2025.02.09-14.41.51:642][  0]LogConfig: Setting CVar [[r.ShadowQuality:5]]
[2025.02.09-14.41.51:642][  0]LogConfig: Setting CVar [[r.Shadow.CSM.MaxCascades:10]]
[2025.02.09-14.41.51:642][  0]LogConfig: Setting CVar [[r.Shadow.MaxResolution:2048]]
[2025.02.09-14.41.51:642][  0]LogConfig: Setting CVar [[r.Shadow.MaxCSMResolution:2048]]
[2025.02.09-14.41.51:642][  0]LogConfig: Setting CVar [[r.Shadow.RadiusThreshold:0.01]]
[2025.02.09-14.41.51:642][  0]LogConfig: Setting CVar [[r.Shadow.DistanceScale:1.0]]
[2025.02.09-14.41.51:642][  0]LogConfig: Setting CVar [[r.Shadow.CSM.TransitionScale:1.0]]
[2025.02.09-14.41.51:642][  0]LogConfig: Setting CVar [[r.Shadow.PreShadowResolutionFactor:1.0]]
[2025.02.09-14.41.51:642][  0]LogConfig: Setting CVar [[r.DistanceFieldShadowing:1]]
[2025.02.09-14.41.51:642][  0]LogConfig: Setting CVar [[r.DistanceFieldAO:1]]
[2025.02.09-14.41.51:642][  0]LogConfig: Setting CVar [[r.AOQuality:2]]
[2025.02.09-14.41.51:642][  0]LogConfig: Setting CVar [[r.VolumetricFog:1]]
[2025.02.09-14.41.51:642][  0]LogConfig: Setting CVar [[r.VolumetricFog.GridPixelSize:8]]
[2025.02.09-14.41.51:642][  0]LogConfig: Setting CVar [[r.VolumetricFog.GridSizeZ:128]]
[2025.02.09-14.41.51:642][  0]LogConfig: Setting CVar [[r.VolumetricFog.HistoryMissSupersampleCount:4]]
[2025.02.09-14.41.51:642][  0]LogConfig: Setting CVar [[r.LightMaxDrawDistanceScale:1]]
[2025.02.09-14.41.51:642][  0]LogConfig: Setting CVar [[r.CapsuleShadows:1]]
[2025.02.09-14.41.51:642][  0]LogConfig: Applying CVar settings from Section [PostProcessQuality@3] File [C:/Users/ganic/OneDrive/Документы/Unreal Projects/UE4G/MyProject/Saved/Config/Windows/Scalability.ini]
[2025.02.09-14.41.51:642][  0]LogConfig: Setting CVar [[r.MotionBlurQuality:4]]
[2025.02.09-14.41.51:642][  0]LogConfig: Setting CVar [[r.AmbientOcclusionMipLevelFactor:0.4]]
[2025.02.09-14.41.51:642][  0]LogConfig: Setting CVar [[r.AmbientOcclusionMaxQuality:100]]
[2025.02.09-14.41.51:642][  0]LogConfig: Setting CVar [[r.AmbientOcclusionLevels:-1]]
[2025.02.09-14.41.51:642][  0]LogConfig: Setting CVar [[r.AmbientOcclusionRadiusScale:1.0]]
[2025.02.09-14.41.51:642][  0]LogConfig: Setting CVar [[r.DepthOfFieldQuality:2]]
[2025.02.09-14.41.51:642][  0]LogConfig: Setting CVar [[r.RenderTargetPoolMin:400]]
[2025.02.09-14.41.51:642][  0]LogConfig: Setting CVar [[r.LensFlareQuality:2]]
[2025.02.09-14.41.51:642][  0]LogConfig: Setting CVar [[r.SceneColorFringeQuality:1]]
[2025.02.09-14.41.51:642][  0]LogConfig: Setting CVar [[r.EyeAdaptationQuality:2]]
[2025.02.09-14.41.51:642][  0]LogConfig: Setting CVar [[r.BloomQuality:5]]
[2025.02.09-14.41.51:642][  0]LogConfig: Setting CVar [[r.FastBlurThreshold:100]]
[2025.02.09-14.41.51:642][  0]LogConfig: Setting CVar [[r.Upscale.Quality:3]]
[2025.02.09-14.41.51:642][  0]LogConfig: Setting CVar [[r.Tonemapper.GrainQuantization:1]]
[2025.02.09-14.41.51:642][  0]LogConfig: Setting CVar [[r.LightShaftQuality:1]]
[2025.02.09-14.41.51:642][  0]LogConfig: Setting CVar [[r.Filter.SizeScale:1]]
[2025.02.09-14.41.51:642][  0]LogConfig: Setting CVar [[r.Tonemapper.Quality:5]]
[2025.02.09-14.41.51:642][  0]LogConfig: Setting CVar [[r.DOF.Gather.AccumulatorQuality:1        ; higher gathering accumulator quality]]
[2025.02.09-14.41.51:642][  0]LogConfig: Setting CVar [[r.DOF.Gather.PostfilterMethod:1          ; Median3x3 postfilering method]]
[2025.02.09-14.41.51:642][  0]LogConfig: Setting CVar [[r.DOF.Gather.EnableBokehSettings:0       ; no bokeh simulation when gathering]]
[2025.02.09-14.41.51:642][  0]LogConfig: Setting CVar [[r.DOF.Gather.RingCount:4                 ; medium number of samples when gathering]]
[2025.02.09-14.41.51:642][  0]LogConfig: Setting CVar [[r.DOF.Scatter.ForegroundCompositing:1    ; additive foreground scattering]]
[2025.02.09-14.41.51:642][  0]LogConfig: Setting CVar [[r.DOF.Scatter.BackgroundCompositing:2    ; additive background scattering]]
[2025.02.09-14.41.51:642][  0]LogConfig: Setting CVar [[r.DOF.Scatter.EnableBokehSettings:1      ; bokeh simulation when scattering]]
[2025.02.09-14.41.51:642][  0]LogConfig: Setting CVar [[r.DOF.Scatter.MaxSpriteRatio:0.1         ; only a maximum of 10% of scattered bokeh]]
[2025.02.09-14.41.51:642][  0]LogConfig: Setting CVar [[r.DOF.Recombine.Quality:1                ; cheap slight out of focus]]
[2025.02.09-14.41.51:643][  0]LogConfig: Setting CVar [[r.DOF.Recombine.EnableBokehSettings:0    ; no bokeh simulation on slight out of focus]]
[2025.02.09-14.41.51:643][  0]LogConfig: Setting CVar [[r.DOF.TemporalAAQuality:1                ; more stable temporal accumulation]]
[2025.02.09-14.41.51:643][  0]LogConfig: Setting CVar [[r.DOF.Kernel.MaxForegroundRadius:0.025]]
[2025.02.09-14.41.51:643][  0]LogConfig: Setting CVar [[r.DOF.Kernel.MaxBackgroundRadius:0.025]]
[2025.02.09-14.41.51:643][  0]LogConfig: Applying CVar settings from Section [TextureQuality@3] File [C:/Users/ganic/OneDrive/Документы/Unreal Projects/UE4G/MyProject/Saved/Config/Windows/Scalability.ini]
[2025.02.09-14.41.51:643][  0]LogConfig: Setting CVar [[r.Streaming.MipBias:0]]
[2025.02.09-14.41.51:643][  0]LogConfig: Setting CVar [[r.Streaming.AmortizeCPUToGPUCopy:0]]
[2025.02.09-14.41.51:643][  0]LogConfig: Setting CVar [[r.Streaming.MaxNumTexturesToStreamPerFrame:0]]
[2025.02.09-14.41.51:643][  0]LogConfig: Setting CVar [[r.Streaming.Boost:1]]
[2025.02.09-14.41.51:643][  0]LogConfig: Setting CVar [[r.MaxAnisotropy:8]]
[2025.02.09-14.41.51:643][  0]LogConfig: Setting CVar [[r.VT.MaxAnisotropy:8]]
[2025.02.09-14.41.51:643][  0]LogConfig: Setting CVar [[r.Streaming.LimitPoolSizeToVRAM:0]]
[2025.02.09-14.41.51:643][  0]LogConfig: Setting CVar [[r.Streaming.PoolSize:1000]]
[2025.02.09-14.41.51:643][  0]LogConfig: Setting CVar [[r.Streaming.MaxEffectiveScreenSize:0]]
[2025.02.09-14.41.51:643][  0]LogConfig: Applying CVar settings from Section [EffectsQuality@3] File [C:/Users/ganic/OneDrive/Документы/Unreal Projects/UE4G/MyProject/Saved/Config/Windows/Scalability.ini]
[2025.02.09-14.41.51:643][  0]LogConfig: Setting CVar [[r.TranslucencyLightingVolumeDim:64]]
[2025.02.09-14.41.51:643][  0]LogConfig: Setting CVar [[r.RefractionQuality:2]]
[2025.02.09-14.41.51:643][  0]LogConfig: Setting CVar [[r.SSR.Quality:3]]
[2025.02.09-14.41.51:643][  0]LogConfig: Setting CVar [[r.SSR.HalfResSceneColor:0]]
[2025.02.09-14.41.51:643][  0]LogConfig: Setting CVar [[r.SceneColorFormat:4]]
[2025.02.09-14.41.51:643][  0]LogConfig: Setting CVar [[r.DetailMode:2]]
[2025.02.09-14.41.51:643][  0]LogConfig: Setting CVar [[r.TranslucencyVolumeBlur:1]]
[2025.02.09-14.41.51:643][  0]LogConfig: Setting CVar [[r.MaterialQualityLevel:1 ; High quality]]
[2025.02.09-14.41.51:643][  0]LogConfig: Setting CVar [[r.AnisotropicMaterials:1]]
[2025.02.09-14.41.51:643][  0]LogConfig: Setting CVar [[r.SSS.Scale:1]]
[2025.02.09-14.41.51:643][  0]LogConfig: Setting CVar [[r.SSS.SampleSet:2]]
[2025.02.09-14.41.51:643][  0]LogConfig: Setting CVar [[r.SSS.Quality:1]]
[2025.02.09-14.41.51:643][  0]LogConfig: Setting CVar [[r.SSS.HalfRes:0]]
[2025.02.09-14.41.51:643][  0]LogConfig: Setting CVar [[r.SSGI.Quality:3]]
[2025.02.09-14.41.51:643][  0]LogConfig: Setting CVar [[r.EmitterSpawnRateScale:1.0]]
[2025.02.09-14.41.51:643][  0]LogConfig: Setting CVar [[r.ParticleLightQuality:2]]
[2025.02.09-14.41.51:643][  0]LogConfig: Setting CVar [[r.SkyAtmosphere.AerialPerspectiveLUT.FastApplyOnOpaque:1 ; Always have FastSkyLUT 1 in this case to avoid wrong sky]]
[2025.02.09-14.41.51:643][  0]LogConfig: Setting CVar [[r.SkyAtmosphere.AerialPerspectiveLUT.SampleCountMaxPerSlice:4]]
[2025.02.09-14.41.51:643][  0]LogConfig: Setting CVar [[r.SkyAtmosphere.AerialPerspectiveLUT.DepthResolution:16.0]]
[2025.02.09-14.41.51:643][  0]LogConfig: Setting CVar [[r.SkyAtmosphere.FastSkyLUT:1]]
[2025.02.09-14.41.51:643][  0]LogConfig: Setting CVar [[r.SkyAtmosphere.FastSkyLUT.SampleCountMin:4.0]]
[2025.02.09-14.41.51:643][  0]LogConfig: Setting CVar [[r.SkyAtmosphere.FastSkyLUT.SampleCountMax:128.0]]
[2025.02.09-14.41.51:643][  0]LogConfig: Setting CVar [[r.SkyAtmosphere.SampleCountMin:4.0]]
[2025.02.09-14.41.51:643][  0]LogConfig: Setting CVar [[r.SkyAtmosphere.SampleCountMax:128.0]]
[2025.02.09-14.41.51:643][  0]LogConfig: Setting CVar [[r.SkyAtmosphere.TransmittanceLUT.UseSmallFormat:0]]
[2025.02.09-14.41.51:643][  0]LogConfig: Setting CVar [[r.SkyAtmosphere.TransmittanceLUT.SampleCount:10.0]]
[2025.02.09-14.41.51:643][  0]LogConfig: Setting CVar [[r.SkyAtmosphere.MultiScatteringLUT.SampleCount:15.0]]
[2025.02.09-14.41.51:643][  0]LogConfig: Setting CVar [[r.SkyLight.RealTimeReflectionCapture:1]]
[2025.02.09-14.41.51:643][  0]LogConfig: Applying CVar settings from Section [FoliageQuality@3] File [C:/Users/ganic/OneDrive/Документы/Unreal Projects/UE4G/MyProject/Saved/Config/Windows/Scalability.ini]
[2025.02.09-14.41.51:643][  0]LogConfig: Setting CVar [[foliage.DensityScale:1.0]]
[2025.02.09-14.41.51:643][  0]LogConfig: Setting CVar [[grass.DensityScale:1.0]]
[2025.02.09-14.41.51:643][  0]LogConfig: Applying CVar settings from Section [ShadingQuality@3] File [C:/Users/ganic/OneDrive/Документы/Unreal Projects/UE4G/MyProject/Saved/Config/Windows/Scalability.ini]
[2025.02.09-14.41.51:644][  0]LogConfig: Setting CVar [[r.HairStrands.SkyLighting.IntegrationType:2]]
[2025.02.09-14.41.51:644][  0]LogConfig: Setting CVar [[r.HairStrands.SkyAO.SampleCount:4]]
[2025.02.09-14.41.51:644][  0]LogConfig: Setting CVar [[r.HairStrands.Visibility.MSAA.SamplePerPixel:4]]
[2025.02.09-14.41.51:644][  0]LogInit: Selected Device Profile: [Windows]
[2025.02.09-14.41.51:644][  0]LogInit: Applying CVar settings loaded from the selected device profile: [Windows]
[2025.02.09-14.41.51:644][  0]LogHAL: Display: Platform has ~ 16 GB [17022550016 / 17179869184 / 16], which maps to Larger [LargestMinGB=32, LargerMinGB=12, DefaultMinGB=8, SmallerMinGB=6, SmallestMinGB=0)
[2025.02.09-14.41.51:644][  0]LogInit: Going up to parent DeviceProfile []
[2025.02.09-14.41.51:644][  0]LogConfig: Applying CVar settings from Section [ViewDistanceQuality@3] File [C:/Users/ganic/OneDrive/Документы/Unreal Projects/UE4G/MyProject/Saved/Config/Windows/Scalability.ini]
[2025.02.09-14.41.51:644][  0]LogConfig: Setting CVar [[r.SkeletalMeshLODBias:0]]
[2025.02.09-14.41.51:644][  0]LogConfig: Setting CVar [[r.ViewDistanceScale:1.0]]
[2025.02.09-14.41.51:644][  0]LogConfig: Applying CVar settings from Section [AntiAliasingQuality@3] File [C:/Users/ganic/OneDrive/Документы/Unreal Projects/UE4G/MyProject/Saved/Config/Windows/Scalability.ini]
[2025.02.09-14.41.51:644][  0]LogConfig: Setting CVar [[r.PostProcessAAQuality:4]]
[2025.02.09-14.41.51:644][  0]LogConfig: Applying CVar settings from Section [ShadowQuality@3] File [C:/Users/ganic/OneDrive/Документы/Unreal Projects/UE4G/MyProject/Saved/Config/Windows/Scalability.ini]
[2025.02.09-14.41.51:644][  0]LogConfig: Setting CVar [[r.LightFunctionQuality:1]]
[2025.02.09-14.41.51:644][  0]LogConfig: Setting CVar [[r.ShadowQuality:5]]
[2025.02.09-14.41.51:644][  0]LogConfig: Setting CVar [[r.Shadow.CSM.MaxCascades:10]]
[2025.02.09-14.41.51:644][  0]LogConfig: Setting CVar [[r.Shadow.MaxResolution:2048]]
[2025.02.09-14.41.51:644][  0]LogConfig: Setting CVar [[r.Shadow.MaxCSMResolution:2048]]
[2025.02.09-14.41.51:644][  0]LogConfig: Setting CVar [[r.Shadow.RadiusThreshold:0.01]]
[2025.02.09-14.41.51:644][  0]LogConfig: Setting CVar [[r.Shadow.DistanceScale:1.0]]
[2025.02.09-14.41.51:644][  0]LogConfig: Setting CVar [[r.Shadow.CSM.TransitionScale:1.0]]
[2025.02.09-14.41.51:644][  0]LogConfig: Setting CVar [[r.Shadow.PreShadowResolutionFactor:1.0]]
[2025.02.09-14.41.51:644][  0]LogConfig: Setting CVar [[r.DistanceFieldShadowing:1]]
[2025.02.09-14.41.51:644][  0]LogConfig: Setting CVar [[r.DistanceFieldAO:1]]
[2025.02.09-14.41.51:644][  0]LogConfig: Setting CVar [[r.AOQuality:2]]
[2025.02.09-14.41.51:644][  0]LogConfig: Setting CVar [[r.VolumetricFog:1]]
[2025.02.09-14.41.51:644][  0]LogConfig: Setting CVar [[r.VolumetricFog.GridPixelSize:8]]
[2025.02.09-14.41.51:644][  0]LogConfig: Setting CVar [[r.VolumetricFog.GridSizeZ:128]]
[2025.02.09-14.41.51:644][  0]LogConfig: Setting CVar [[r.VolumetricFog.HistoryMissSupersampleCount:4]]
[2025.02.09-14.41.51:644][  0]LogConfig: Setting CVar [[r.LightMaxDrawDistanceScale:1]]
[2025.02.09-14.41.51:644][  0]LogConfig: Setting CVar [[r.CapsuleShadows:1]]
[2025.02.09-14.41.51:644][  0]LogConfig: Applying CVar settings from Section [PostProcessQuality@3] File [C:/Users/ganic/OneDrive/Документы/Unreal Projects/UE4G/MyProject/Saved/Config/Windows/Scalability.ini]
[2025.02.09-14.41.51:644][  0]LogConfig: Setting CVar [[r.MotionBlurQuality:4]]
[2025.02.09-14.41.51:644][  0]LogConfig: Setting CVar [[r.AmbientOcclusionMipLevelFactor:0.4]]
[2025.02.09-14.41.51:644][  0]LogConfig: Setting CVar [[r.AmbientOcclusionMaxQuality:100]]
[2025.02.09-14.41.51:644][  0]LogConfig: Setting CVar [[r.AmbientOcclusionLevels:-1]]
[2025.02.09-14.41.51:644][  0]LogConfig: Setting CVar [[r.AmbientOcclusionRadiusScale:1.0]]
[2025.02.09-14.41.51:644][  0]LogConfig: Setting CVar [[r.DepthOfFieldQuality:2]]
[2025.02.09-14.41.51:644][  0]LogConfig: Setting CVar [[r.RenderTargetPoolMin:400]]
[2025.02.09-14.41.51:644][  0]LogConfig: Setting CVar [[r.LensFlareQuality:2]]
[2025.02.09-14.41.51:644][  0]LogConfig: Setting CVar [[r.SceneColorFringeQuality:1]]
[2025.02.09-14.41.51:644][  0]LogConfig: Setting CVar [[r.EyeAdaptationQuality:2]]
[2025.02.09-14.41.51:644][  0]LogConfig: Setting CVar [[r.BloomQuality:5]]
[2025.02.09-14.41.51:644][  0]LogConfig: Setting CVar [[r.FastBlurThreshold:100]]
[2025.02.09-14.41.51:644][  0]LogConfig: Setting CVar [[r.Upscale.Quality:3]]
[2025.02.09-14.41.51:644][  0]LogConfig: Setting CVar [[r.Tonemapper.GrainQuantization:1]]
[2025.02.09-14.41.51:644][  0]LogConfig: Setting CVar [[r.LightShaftQuality:1]]
[2025.02.09-14.41.51:644][  0]LogConfig: Setting CVar [[r.Filter.SizeScale:1]]
[2025.02.09-14.41.51:644][  0]LogConfig: Setting CVar [[r.Tonemapper.Quality:5]]
[2025.02.09-14.41.51:645][  0]LogConfig: Setting CVar [[r.DOF.Gather.AccumulatorQuality:1        ; higher gathering accumulator quality]]
[2025.02.09-14.41.51:645][  0]LogConfig: Setting CVar [[r.DOF.Gather.PostfilterMethod:1          ; Median3x3 postfilering method]]
[2025.02.09-14.41.51:645][  0]LogConfig: Setting CVar [[r.DOF.Gather.EnableBokehSettings:0       ; no bokeh simulation when gathering]]
[2025.02.09-14.41.51:645][  0]LogConfig: Setting CVar [[r.DOF.Gather.RingCount:4                 ; medium number of samples when gathering]]
[2025.02.09-14.41.51:645][  0]LogConfig: Setting CVar [[r.DOF.Scatter.ForegroundCompositing:1    ; additive foreground scattering]]
[2025.02.09-14.41.51:645][  0]LogConfig: Setting CVar [[r.DOF.Scatter.BackgroundCompositing:2    ; additive background scattering]]
[2025.02.09-14.41.51:645][  0]LogConfig: Setting CVar [[r.DOF.Scatter.EnableBokehSettings:1      ; bokeh simulation when scattering]]
[2025.02.09-14.41.51:645][  0]LogConfig: Setting CVar [[r.DOF.Scatter.MaxSpriteRatio:0.1         ; only a maximum of 10% of scattered bokeh]]
[2025.02.09-14.41.51:645][  0]LogConfig: Setting CVar [[r.DOF.Recombine.Quality:1                ; cheap slight out of focus]]
[2025.02.09-14.41.51:645][  0]LogConfig: Setting CVar [[r.DOF.Recombine.EnableBokehSettings:0    ; no bokeh simulation on slight out of focus]]
[2025.02.09-14.41.51:645][  0]LogConfig: Setting CVar [[r.DOF.TemporalAAQuality:1                ; more stable temporal accumulation]]
[2025.02.09-14.41.51:645][  0]LogConfig: Setting CVar [[r.DOF.Kernel.MaxForegroundRadius:0.025]]
[2025.02.09-14.41.51:645][  0]LogConfig: Setting CVar [[r.DOF.Kernel.MaxBackgroundRadius:0.025]]
[2025.02.09-14.41.51:645][  0]LogConfig: Applying CVar settings from Section [TextureQuality@3] File [C:/Users/ganic/OneDrive/Документы/Unreal Projects/UE4G/MyProject/Saved/Config/Windows/Scalability.ini]
[2025.02.09-14.41.51:645][  0]LogConfig: Setting CVar [[r.Streaming.MipBias:0]]
[2025.02.09-14.41.51:645][  0]LogConfig: Setting CVar [[r.Streaming.AmortizeCPUToGPUCopy:0]]
[2025.02.09-14.41.51:645][  0]LogConfig: Setting CVar [[r.Streaming.MaxNumTexturesToStreamPerFrame:0]]
[2025.02.09-14.41.51:645][  0]LogConfig: Setting CVar [[r.Streaming.Boost:1]]
[2025.02.09-14.41.51:645][  0]LogConfig: Setting CVar [[r.MaxAnisotropy:8]]
[2025.02.09-14.41.51:645][  0]LogConfig: Setting CVar [[r.VT.MaxAnisotropy:8]]
[2025.02.09-14.41.51:645][  0]LogConfig: Setting CVar [[r.Streaming.LimitPoolSizeToVRAM:0]]
[2025.02.09-14.41.51:645][  0]LogConfig: Setting CVar [[r.Streaming.PoolSize:1000]]
[2025.02.09-14.41.51:645][  0]LogConfig: Setting CVar [[r.Streaming.MaxEffectiveScreenSize:0]]
[2025.02.09-14.41.51:645][  0]LogConfig: Applying CVar settings from Section [EffectsQuality@3] File [C:/Users/ganic/OneDrive/Документы/Unreal Projects/UE4G/MyProject/Saved/Config/Windows/Scalability.ini]
[2025.02.09-14.41.51:645][  0]LogConfig: Setting CVar [[r.TranslucencyLightingVolumeDim:64]]
[2025.02.09-14.41.51:645][  0]LogConfig: Setting CVar [[r.RefractionQuality:2]]
[2025.02.09-14.41.51:645][  0]LogConfig: Setting CVar [[r.SSR.Quality:3]]
[2025.02.09-14.41.51:645][  0]LogConfig: Setting CVar [[r.SSR.HalfResSceneColor:0]]
[2025.02.09-14.41.51:645][  0]LogConfig: Setting CVar [[r.SceneColorFormat:4]]
[2025.02.09-14.41.51:645][  0]LogConfig: Setting CVar [[r.DetailMode:2]]
[2025.02.09-14.41.51:645][  0]LogConfig: Setting CVar [[r.TranslucencyVolumeBlur:1]]
[2025.02.09-14.41.51:645][  0]LogConfig: Setting CVar [[r.MaterialQualityLevel:1 ; High quality]]
[2025.02.09-14.41.51:645][  0]LogConfig: Setting CVar [[r.AnisotropicMaterials:1]]
[2025.02.09-14.41.51:645][  0]LogConfig: Setting CVar [[r.SSS.Scale:1]]
[2025.02.09-14.41.51:645][  0]LogConfig: Setting CVar [[r.SSS.SampleSet:2]]
[2025.02.09-14.41.51:645][  0]LogConfig: Setting CVar [[r.SSS.Quality:1]]
[2025.02.09-14.41.51:645][  0]LogConfig: Setting CVar [[r.SSS.HalfRes:0]]
[2025.02.09-14.41.51:645][  0]LogConfig: Setting CVar [[r.SSGI.Quality:3]]
[2025.02.09-14.41.51:645][  0]LogConfig: Setting CVar [[r.EmitterSpawnRateScale:1.0]]
[2025.02.09-14.41.51:645][  0]LogConfig: Setting CVar [[r.ParticleLightQuality:2]]
[2025.02.09-14.41.51:645][  0]LogConfig: Setting CVar [[r.SkyAtmosphere.AerialPerspectiveLUT.FastApplyOnOpaque:1 ; Always have FastSkyLUT 1 in this case to avoid wrong sky]]
[2025.02.09-14.41.51:645][  0]LogConfig: Setting CVar [[r.SkyAtmosphere.AerialPerspectiveLUT.SampleCountMaxPerSlice:4]]
[2025.02.09-14.41.51:645][  0]LogConfig: Setting CVar [[r.SkyAtmosphere.AerialPerspectiveLUT.DepthResolution:16.0]]
[2025.02.09-14.41.51:645][  0]LogConfig: Setting CVar [[r.SkyAtmosphere.FastSkyLUT:1]]
[2025.02.09-14.41.51:645][  0]LogConfig: Setting CVar [[r.SkyAtmosphere.FastSkyLUT.SampleCountMin:4.0]]
[2025.02.09-14.41.51:645][  0]LogConfig: Setting CVar [[r.SkyAtmosphere.FastSkyLUT.SampleCountMax:128.0]]
[2025.02.09-14.41.51:645][  0]LogConfig: Setting CVar [[r.SkyAtmosphere.SampleCountMin:4.0]]
[2025.02.09-14.41.51:645][  0]LogConfig: Setting CVar [[r.SkyAtmosphere.SampleCountMax:128.0]]
[2025.02.09-14.41.51:645][  0]LogConfig: Setting CVar [[r.SkyAtmosphere.TransmittanceLUT.UseSmallFormat:0]]
[2025.02.09-14.41.51:645][  0]LogConfig: Setting CVar [[r.SkyAtmosphere.TransmittanceLUT.SampleCount:10.0]]
[2025.02.09-14.41.51:645][  0]LogConfig: Setting CVar [[r.SkyAtmosphere.MultiScatteringLUT.SampleCount:15.0]]
[2025.02.09-14.41.51:645][  0]LogConfig: Setting CVar [[r.SkyLight.RealTimeReflectionCapture:1]]
[2025.02.09-14.41.51:645][  0]LogConfig: Applying CVar settings from Section [FoliageQuality@3] File [C:/Users/ganic/OneDrive/Документы/Unreal Projects/UE4G/MyProject/Saved/Config/Windows/Scalability.ini]
[2025.02.09-14.41.51:645][  0]LogConfig: Setting CVar [[foliage.DensityScale:1.0]]
[2025.02.09-14.41.51:645][  0]LogConfig: Setting CVar [[grass.DensityScale:1.0]]
[2025.02.09-14.41.51:645][  0]LogConfig: Applying CVar settings from Section [ShadingQuality@3] File [C:/Users/ganic/OneDrive/Документы/Unreal Projects/UE4G/MyProject/Saved/Config/Windows/Scalability.ini]
[2025.02.09-14.41.51:645][  0]LogConfig: Setting CVar [[r.HairStrands.SkyLighting.IntegrationType:2]]
[2025.02.09-14.41.51:645][  0]LogConfig: Setting CVar [[r.HairStrands.SkyAO.SampleCount:4]]
[2025.02.09-14.41.51:645][  0]LogConfig: Setting CVar [[r.HairStrands.Visibility.MSAA.SamplePerPixel:4]]
[2025.02.09-14.41.51:645][  0]LogConfig: Applying CVar settings from Section [Startup] File [../../../Engine/Config/ConsoleVariables.ini]
[2025.02.09-14.41.51:656][  0]LogConfig: Setting CVar [[net.UseAdaptiveNetUpdateFrequency:0]]
[2025.02.09-14.41.51:656][  0]LogConfig: Setting CVar [[p.chaos.AllowCreatePhysxBodies:1]]
[2025.02.09-14.41.51:656][  0]LogConfig: Setting CVar [[fx.SkipVectorVMBackendOptimizations:1]]
[2025.02.09-14.41.51:656][  0]LogConfig: Applying CVar settings from Section [ConsoleVariables] File [C:/Users/ganic/OneDrive/Документы/Unreal Projects/UE4G/MyProject/Saved/Config/Windows/Engine.ini]
[2025.02.09-14.41.51:656][  0]LogConfig: Applying CVar settings from Section [ConsoleVariables] File [C:/Users/ganic/OneDrive/Документы/Unreal Projects/UE4G/MyProject/Saved/Config/Windows/Editor.ini]
[2025.02.09-14.41.51:656][  0]LogInit: Computer: GLEBCOMPUTER
[2025.02.09-14.41.51:656][  0]LogInit: User: ganic
[2025.02.09-14.41.51:656][  0]LogInit: CPU Page size=4096, Cores=4
[2025.02.09-14.41.51:656][  0]LogInit: High frequency timer resolution =10.000000 MHz
[2025.02.09-14.41.51:656][  0]LogMemory: Memory total: Physical=15.9GB (16GB approx)
[2025.02.09-14.41.51:656][  0]LogMemory: Platform Memory Stats for Windows
[2025.02.09-14.41.51:656][  0]LogMemory: Process Physical Memory: 146.64 MB used, 146.64 MB peak
[2025.02.09-14.41.51:656][  0]LogMemory: Process Virtual Memory: 120.82 MB used, 120.82 MB peak
[2025.02.09-14.41.51:656][  0]LogMemory: Physical Memory: 8140.91 MB used,  8093.06 MB free, 16233.97 MB total
[2025.02.09-14.41.51:656][  0]LogMemory: Virtual Memory: 134207272.00 MB used,  10453.39 MB free, 134217728.00 MB total
[2025.02.09-14.41.51:664][  0]LogWindows: WindowsPlatformFeatures enabled
[2025.02.09-14.41.51:814][  0]LogInit: Physics initialised using underlying interface: PhysX
[2025.02.09-14.41.51:830][  0]LogInit: Using OS detected language (ru-RU).
[2025.02.09-14.41.51:830][  0]LogInit: Using OS detected locale (en-US).
[2025.02.09-14.41.51:849][  0]LogTextLocalizationManager: No specific localization for 'ru-RU' exists, so the 'ru' localization will be used.
[2025.02.09-14.41.51:850][  0]LogTextLocalizationResource: LocRes '../../../Engine/Content/Localization/Editor/ru/Editor.locres' could not be opened for reading!
[2025.02.09-14.41.51:850][  0]LogTextLocalizationResource: LocRes '../../../Engine/Content/Localization/EditorTutorials/ru/EditorTutorials.locres' could not be opened for reading!
[2025.02.09-14.41.51:850][  0]LogTextLocalizationResource: LocRes '../../../Engine/Content/Localization/Keywords/ru/Keywords.locres' could not be opened for reading!
[2025.02.09-14.41.51:850][  0]LogTextLocalizationResource: LocRes '../../../Engine/Content/Localization/Category/ru/Category.locres' could not be opened for reading!
[2025.02.09-14.41.51:850][  0]LogTextLocalizationResource: LocRes '../../../Engine/Content/Localization/ToolTips/ru/ToolTips.locres' could not be opened for reading!
[2025.02.09-14.41.51:850][  0]LogTextLocalizationResource: LocRes '../../../Engine/Content/Localization/PropertyNames/ru/PropertyNames.locres' could not be opened for reading!
[2025.02.09-14.41.51:850][  0]LogTextLocalizationResource: LocRes '../../../Engine/Content/Localization/Engine/ru/Engine.locres' could not be opened for reading!
[2025.02.09-14.41.51:892][  0]LogInit: Setting process to per monitor DPI aware
[2025.02.09-14.41.51:905][  0]LogWindowsTextInputMethodSystem: Display: IME system deactivated.
[2025.02.09-14.41.51:978][  0]LogSlate: New Slate User Created.  User Index 0, Is Virtual User: 0
[2025.02.09-14.41.51:978][  0]LogSlate: Slate User Registered.  User Index 0, Is Virtual User: 0
[2025.02.09-14.41.52:964][  0]LogD3D11RHI: Loaded GFSDK_Aftermath_Lib.x64.dll
[2025.02.09-14.41.52:969][  0]LogHMD: Failed to initialize OpenVR with code 110
[2025.02.09-14.41.52:969][  0]LogD3D11RHI: D3D11 min allowed feature level: 11_0
[2025.02.09-14.41.52:969][  0]LogD3D11RHI: D3D11 max allowed feature level: 11_0
[2025.02.09-14.41.52:969][  0]LogD3D11RHI: D3D11 adapters:
[2025.02.09-14.41.53:170][  0]LogD3D11RHI:    0. 'NVIDIA GeForce RTX 4060' (Feature Level 11_0)
[2025.02.09-14.41.53:170][  0]LogD3D11RHI:       7957/0/8116 MB DedicatedVideo/DedicatedSystem/SharedSystem, Outputs:2, VendorId:0x10de
[2025.02.09-14.41.53:175][  0]LogD3D11RHI:    1. 'Microsoft Basic Render Driver' (Feature Level 11_0)
[2025.02.09-14.41.53:175][  0]LogD3D11RHI:       0/0/8116 MB DedicatedVideo/DedicatedSystem/SharedSystem, Outputs:0, VendorId:0x1414
[2025.02.09-14.41.53:326][  0]LogD3D11RHI:    2. 'NVIDIA GeForce RTX 4060' (Feature Level 11_0)
[2025.02.09-14.41.53:326][  0]LogD3D11RHI:       7957/0/8116 MB DedicatedVideo/DedicatedSystem/SharedSystem, Outputs:0, VendorId:0x10de
[2025.02.09-14.41.53:326][  0]LogD3D11RHI: Chosen D3D11 Adapter:
[2025.02.09-14.41.53:326][  0]LogD3D11RHI:     Description : NVIDIA GeForce RTX 4060
[2025.02.09-14.41.53:326][  0]LogD3D11RHI:     VendorId    : 10de
[2025.02.09-14.41.53:326][  0]LogD3D11RHI:     DeviceId    : 2882
[2025.02.09-14.41.53:326][  0]LogD3D11RHI:     SubSysId    : f3151569
[2025.02.09-14.41.53:326][  0]LogD3D11RHI:     Revision    : 00a1
[2025.02.09-14.41.53:326][  0]LogD3D11RHI:     DedicatedVideoMemory : 8343519232 bytes
[2025.02.09-14.41.53:326][  0]LogD3D11RHI:     DedicatedSystemMemory : 0 bytes
[2025.02.09-14.41.53:326][  0]LogD3D11RHI:     SharedSystemMemory : 8511275008 bytes
[2025.02.09-14.41.53:326][  0]LogD3D11RHI:     AdapterLuid : 0 72865
[2025.02.09-14.41.53:331][  0]LogD3D11RHI: Creating new Direct3DDevice
[2025.02.09-14.41.53:331][  0]LogD3D11RHI:     GPU DeviceId: 0x2882 (for the marketing name, search the web for "GPU Device Id")
[2025.02.09-14.41.53:331][  0]LogWindows: EnumDisplayDevices:
[2025.02.09-14.41.53:331][  0]LogWindows:    0. 'NVIDIA GeForce RTX 4060' (P:0 D:1)
[2025.02.09-14.41.53:332][  0]LogWindows:    1. 'NVIDIA GeForce RTX 4060' (P:1 D:1)
[2025.02.09-14.41.53:332][  0]LogWindows:    2. 'NVIDIA GeForce RTX 4060' (P:0 D:0)
[2025.02.09-14.41.53:332][  0]LogWindows:    3. 'NVIDIA GeForce RTX 4060' (P:0 D:0)
[2025.02.09-14.41.53:332][  0]LogWindows:    4. 'Parsec Virtual Display Adapter' (P:0 D:0)
[2025.02.09-14.41.53:332][  0]LogWindows:    5. 'Parsec Virtual Display Adapter' (P:0 D:0)
[2025.02.09-14.41.53:332][  0]LogWindows:    6. 'Parsec Virtual Display Adapter' (P:0 D:0)
[2025.02.09-14.41.53:333][  0]LogWindows:    7. 'Parsec Virtual Display Adapter' (P:0 D:0)
[2025.02.09-14.41.53:333][  0]LogWindows:    8. 'Parsec Virtual Display Adapter' (P:0 D:0)
[2025.02.09-14.41.53:333][  0]LogWindows:    9. 'Parsec Virtual Display Adapter' (P:0 D:0)
[2025.02.09-14.41.53:333][  0]LogWindows:    10. 'Parsec Virtual Display Adapter' (P:0 D:0)
[2025.02.09-14.41.53:333][  0]LogWindows:    11. 'Parsec Virtual Display Adapter' (P:0 D:0)
[2025.02.09-14.41.53:333][  0]LogWindows:    12. 'Parsec Virtual Display Adapter' (P:0 D:0)
[2025.02.09-14.41.53:334][  0]LogWindows:    13. 'Parsec Virtual Display Adapter' (P:0 D:0)
[2025.02.09-14.41.53:334][  0]LogWindows:    14. 'Parsec Virtual Display Adapter' (P:0 D:0)
[2025.02.09-14.41.53:334][  0]LogWindows:    15. 'Parsec Virtual Display Adapter' (P:0 D:0)
[2025.02.09-14.41.53:334][  0]LogWindows:    16. 'Parsec Virtual Display Adapter' (P:0 D:0)
[2025.02.09-14.41.53:334][  0]LogWindows:    17. 'Parsec Virtual Display Adapter' (P:0 D:0)
[2025.02.09-14.41.53:334][  0]LogWindows:    18. 'Parsec Virtual Display Adapter' (P:0 D:0)
[2025.02.09-14.41.53:334][  0]LogWindows:    19. 'Parsec Virtual Display Adapter' (P:0 D:0)
[2025.02.09-14.41.53:334][  0]LogWindows: DebugString: GetVideoDriverDetailsInvalid PrimaryIsNotTheChoosenAdapter GetVideoDriverDetailsInvalid PrimaryIsNotTheChoosenAdapter GetVideoDriverDetailsInvalid PrimaryIsNotTheChoosenAdapter GetVideoDriverDetailsInvalid PrimaryIsNotTheChoosenAdapter GetVideoDriverDetailsInvalid PrimaryIsNotTheChoosenAdapter GetVideoDriverDetailsInvalid PrimaryIsNotTheChoosenAdapter GetVideoDriverDetailsInvalid PrimaryIsNotTheChoosenAdapter GetVideoDriverDetailsInvalid PrimaryIsNotTheChoosenAdapter GetVideoDriverDetailsInvalid PrimaryIsNotTheChoosenAdapter GetVideoDriverDetailsInvalid PrimaryIsNotTheChoosenAdapter GetVideoDriverDetailsInvalid PrimaryIsNotTheChoosenAdapter GetVideoDriverDetailsInvalid PrimaryIsNotTheChoosenAdapter GetVideoDriverDetailsInvalid PrimaryIsNotTheChoosenAdapter GetVideoDriverDetailsInvalid PrimaryIsNotTheChoosenAdapter GetVideoDriverDetailsInvalid PrimaryIsNotTheChoosenAdapter GetVideoDriverDetailsInvalid PrimaryIsNotTheChoosenAdapter FoundDriverCount:4 
[2025.02.09-14.41.53:334][  0]LogD3D11RHI:     Adapter Name: NVIDIA GeForce RTX 4060
[2025.02.09-14.41.53:334][  0]LogD3D11RHI:   Driver Version: 572.16 (internal:32.0.15.7216, unified:572.16)
[2025.02.09-14.41.53:334][  0]LogD3D11RHI:      Driver Date: 1-26-2025
[2025.02.09-14.41.53:334][  0]LogRHI: Texture pool is 5569 MB (70% of 7957 MB)
[2025.02.09-14.41.53:334][  0]LogD3D11RHI: Creating D3DDevice using adapter:
[2025.02.09-14.41.53:334][  0]LogD3D11RHI:     Description : NVIDIA GeForce RTX 4060
[2025.02.09-14.41.53:334][  0]LogD3D11RHI:     VendorId    : 10de
[2025.02.09-14.41.53:334][  0]LogD3D11RHI:     DeviceId    : 2882
[2025.02.09-14.41.53:335][  0]LogD3D11RHI:     SubSysId    : f3151569
[2025.02.09-14.41.53:335][  0]LogD3D11RHI:     Revision    : 00a1
[2025.02.09-14.41.53:335][  0]LogD3D11RHI:     DedicatedVideoMemory : 8343519232 bytes
[2025.02.09-14.41.53:335][  0]LogD3D11RHI:     DedicatedSystemMemory : 0 bytes
[2025.02.09-14.41.53:335][  0]LogD3D11RHI:     SharedSystemMemory : 8511275008 bytes
[2025.02.09-14.41.53:335][  0]LogD3D11RHI:     AdapterLuid : 0 72865
[2025.02.09-14.41.53:470][  0]LogD3D11RHI: RHI has support for 64 bit atomics
[2025.02.09-14.41.53:471][  0]LogD3D11RHI: Async texture creation enabled
[2025.02.09-14.41.53:471][  0]LogD3D11RHI: Array index from any shader is supported
[2025.02.09-14.41.53:488][  0]LogD3D11RHI: GPU Timing Frequency: 1000.000000 (Debug: 2 1)
[2025.02.09-14.41.53:651][  0]LogRHI: GeForceNow SDK initialized: 1
[2025.02.09-14.41.54:523][  0]LogTargetPlatformManager: Display: Loaded TargetPlatform 'AllDesktop'
[2025.02.09-14.41.54:549][  0]LogTargetPlatformManager: Display: Loaded TargetPlatform 'Android'
[2025.02.09-14.41.54:549][  0]LogTargetPlatformManager: Display: Loaded TargetPlatform 'Android_ASTC'
[2025.02.09-14.41.54:549][  0]LogTargetPlatformManager: Display: Loaded TargetPlatform 'Android_DXT'
[2025.02.09-14.41.54:549][  0]LogTargetPlatformManager: Display: Loaded TargetPlatform 'Android_ETC2'
[2025.02.09-14.41.54:549][  0]LogTargetPlatformManager: Display: Loaded TargetPlatform 'AndroidClient'
[2025.02.09-14.41.54:549][  0]LogTargetPlatformManager: Display: Loaded TargetPlatform 'Android_ASTCClient'
[2025.02.09-14.41.54:549][  0]LogTargetPlatformManager: Display: Loaded TargetPlatform 'Android_DXTClient'
[2025.02.09-14.41.54:549][  0]LogTargetPlatformManager: Display: Loaded TargetPlatform 'Android_ETC2Client'
[2025.02.09-14.41.54:549][  0]LogTargetPlatformManager: Display: Loaded TargetPlatform 'Android_Multi'
[2025.02.09-14.41.54:549][  0]LogTargetPlatformManager: Display: Loaded TargetPlatform 'Android_MultiClient'
[2025.02.09-14.41.54:574][  0]LogTargetPlatformManager: Display: Loaded TargetPlatform 'IOSClient'
[2025.02.09-14.41.54:574][  0]LogTargetPlatformManager: Display: Loaded TargetPlatform 'IOS'
[2025.02.09-14.41.54:592][  0]LogTargetPlatformManager: Display: Loaded TargetPlatform 'Linux'
[2025.02.09-14.41.54:597][  0]LogTargetPlatformManager: Display: Loaded TargetPlatform 'LinuxNoEditor'
[2025.02.09-14.41.54:601][  0]LogTargetPlatformManager: Display: Loaded TargetPlatform 'LinuxClient'
[2025.02.09-14.41.54:605][  0]LogTargetPlatformManager: Display: Loaded TargetPlatform 'LinuxServer'
[2025.02.09-14.41.54:646][  0]LogTargetPlatformManager: Display: Loaded TargetPlatform 'LinuxAArch64NoEditor'
[2025.02.09-14.41.54:651][  0]LogTargetPlatformManager: Display: Loaded TargetPlatform 'LinuxAArch64Client'
[2025.02.09-14.41.54:655][  0]LogTargetPlatformManager: Display: Loaded TargetPlatform 'LinuxAArch64Server'
[2025.02.09-14.41.54:677][  0]LogTargetPlatformManager: Display: Loaded TargetPlatform 'Lumin'
[2025.02.09-14.41.54:677][  0]LogTargetPlatformManager: Display: Loaded TargetPlatform 'LuminClient'
[2025.02.09-14.41.54:690][  0]LogTargetPlatformManager: Display: Loaded TargetPlatform 'MacNoEditor'
[2025.02.09-14.41.54:694][  0]LogTargetPlatformManager: Display: Loaded TargetPlatform 'Mac'
[2025.02.09-14.41.54:698][  0]LogTargetPlatformManager: Display: Loaded TargetPlatform 'MacClient'
[2025.02.09-14.41.54:703][  0]LogTargetPlatformManager: Display: Loaded TargetPlatform 'MacServer'
[2025.02.09-14.41.54:712][  0]LogTargetPlatformManager: Display: Loaded TargetPlatform 'TVOSClient'
[2025.02.09-14.41.54:712][  0]LogTargetPlatformManager: Display: Loaded TargetPlatform 'TVOS'
[2025.02.09-14.41.54:721][  0]LogTargetPlatformManager: Display: Loaded TargetPlatform 'WindowsNoEditor'
[2025.02.09-14.41.54:725][  0]LogTargetPlatformManager: Display: Loaded TargetPlatform 'Windows'
[2025.02.09-14.41.54:730][  0]LogTargetPlatformManager: Display: Loaded TargetPlatform 'WindowsClient'
[2025.02.09-14.41.54:734][  0]LogTargetPlatformManager: Display: Loaded TargetPlatform 'WindowsServer'
[2025.02.09-14.41.54:734][  0]LogTargetPlatformManager: Display: Building Assets For Windows
[2025.02.09-14.41.54:765][  0]LogAudioDebug: Display: Lib vorbis DLL was dynamically loaded.
[2025.02.09-14.41.54:856][  0]LogTextureFormatOodle: Display: Oodle Texture 2.9.0 init RDO Off
[2025.02.09-14.41.55:043][  0]LogRendererCore: Ray tracing is disabled. Reason: r.RayTracing=0.
[2025.02.09-14.41.55:043][  0]LogShaderCompilers: Guid format shader working directory is -19 characters bigger than the processId version (C:/Users/ganic/OneDrive/Документы/Unreal Projects/UE4G/MyProject/Intermediate/Shaders/WorkingDirectory/20896/).
[2025.02.09-14.41.55:043][  0]LogShaderCompilers: Cleaned the shader compiler working directory 'C:/Users/ganic/AppData/Local/Temp/UnrealShaderWorkingDir/268A32584DC44B8DA2C5438AA9A65A88/'.
[2025.02.09-14.41.55:043][  0]LogXGEController: Cannot use XGE Controller as Incredibuild is not installed on this machine.
[2025.02.09-14.41.55:043][  0]LogShaderCompilers: Cannot use XGE Shader Compiler as Incredibuild is not installed on this machine.
[2025.02.09-14.41.55:043][  0]LogShaderCompilers: Display: Using Local Shader Compiler.
[2025.02.09-14.41.56:119][  0]LogDerivedDataCache: Display: Max Cache Size: 512 MB
[2025.02.09-14.41.56:204][  0]LogDerivedDataCache: Loaded boot cache 0.08s 94MB C:/Users/ganic/AppData/Local/UnrealEngine/4.27/DerivedDataCache/Boot.ddc.
[2025.02.09-14.41.56:205][  0]LogDerivedDataCache: Display: Loaded Boot cache: C:/Users/ganic/AppData/Local/UnrealEngine/4.27/DerivedDataCache/Boot.ddc
[2025.02.09-14.41.56:205][  0]LogDerivedDataCache: FDerivedDataBackendGraph:  Pak pak cache file C:/Users/ganic/OneDrive/Документы/Unreal Projects/UE4G/MyProject/DerivedDataCache/DDC.ddp not found, will not use a pak cache.
[2025.02.09-14.41.56:205][  0]LogDerivedDataCache: Unable to find inner node Pak for hierarchical cache Hierarchy.
[2025.02.09-14.41.56:205][  0]LogDerivedDataCache: FDerivedDataBackendGraph:  CompressedPak pak cache file C:/Users/ganic/OneDrive/Документы/Unreal Projects/UE4G/MyProject/DerivedDataCache/Compressed.ddp not found, will not use a pak cache.
[2025.02.09-14.41.56:205][  0]LogDerivedDataCache: Unable to find inner node CompressedPak for hierarchical cache Hierarchy.
[2025.02.09-14.41.56:232][  0]LogDerivedDataCache: Display: Pak cache opened for reading ../../../Engine/DerivedDataCache/Compressed.ddp.
[2025.02.09-14.41.56:232][  0]LogDerivedDataCache: FDerivedDataBackendGraph:  EnterprisePak pak cache file ../../../Enterprise/DerivedDataCache/Compressed.ddp not found, will not use a pak cache.
[2025.02.09-14.41.56:232][  0]LogDerivedDataCache: Unable to find inner node EnterprisePak for hierarchical cache Hierarchy.
[2025.02.09-14.41.56:244][  0]LogDerivedDataCache: Speed tests for C:/Users/ganic/AppData/Local/UnrealEngine/Common/DerivedDataCache took 0.01 seconds
[2025.02.09-14.41.56:244][  0]LogDerivedDataCache: Display: Performance to C:/Users/ganic/AppData/Local/UnrealEngine/Common/DerivedDataCache: Latency=0.03ms. RandomReadSpeed=269.40MBs, RandomWriteSpeed=109.71MBs. Assigned SpeedClass 'Local'
[2025.02.09-14.41.56:256][  0]LogDerivedDataCache: Using Local data cache path C:/Users/ganic/AppData/Local/UnrealEngine/Common/DerivedDataCache: Writable
[2025.02.09-14.41.56:256][  0]LogDerivedDataCache: Shared data cache path not found in *engine.ini, will not use an Shared cache.
[2025.02.09-14.41.56:256][  0]LogDerivedDataCache: Unable to find inner node Shared for hierarchical cache Hierarchy.
[2025.02.09-14.41.56:304][  0]LogSlate: Using FreeType 2.10.0
[2025.02.09-14.41.56:304][  0]LogSlate: SlateFontServices - WITH_FREETYPE: 1, WITH_HARFBUZZ: 1
[2025.02.09-14.41.56:436][  0]LogAssetRegistry: FAssetRegistry took 0.0029 seconds to start up
[2025.02.09-14.41.56:712][  0]LogInit: Selected Device Profile: [Windows]
[2025.02.09-14.41.56:712][  0]LogInit: Active device profile: [000002630AEF8700][000002637D76C240 49] Windows
[2025.02.09-14.41.56:712][  0]LogInit: Profiles: [000002630AEF8700][000002637D76C240 49] Windows, [000002630AEB3700][00000263044123C0 49] WindowsNoEditor, [000002630AEFB300][0000026304416540 49] WindowsServer, [000002630AEB0F00][000002630B8B06C0 49] WindowsClient, [000002630AEFB500][000002630440E800 49] IOS, [000002630AE9FF00][000002630B8B4940 49] iPadAir, [000002630AEB3B00][000002630B8B8A80 49] iPadAir2, [000002630AE54500][000002630B8C4D00 49] IPadPro, [000002630AE54600][000002630B8BCD40 49] iPadAir3, [000002630AE9C100][000002630B8C8EC0 49] iPadAir4, [000002630AE56C00][000002630B8CD040 49] iPadMini2, [000002630AE9E500][000002630B8D11C0 49] iPadMini3, [000002630AE57400][000002630B8D5340 49] iPadMini4, [000002630AE9CF00][000002630B8D94C0 49] iPadMini5, [000002630AE4FE00][000002630B8E1780 49] iPhone6, [000002630AE4FF00][000002630B8DD7C0 49] iPodTouch6, [000002630AEFB900][000002630B8E9A80 49] iPhone7, [000002630AEFA100][000002630B8E5AC0 49] iPodTouch7, [000002630AE4C400][000002630B8EC0C0 49] iPhone5S, [000002630AE57D00][000002630B8F0240 49] iPhone6Plus, [000002630AEFB400][000002630B8F43C0 49] iPhone6S, [000002630AE56000][000002630B8F8540 49] iPhone6SPlus, [000002630AEF8900][000002630B8FC6C0 49] iPhone7Plus, [000002630AE54E00][000002630B900840 49] iPhoneSE, [000002630AEF8200][000002630B8C0980 49] iPhone8, [000002630AE56400][000002630B904AC0 49] iPhone8Plus, [000002630AEF9E00][000002630B908C00 49] iPhoneX, [000002630AE57E00][000002630B90CD40 49] iPhoneXS, [000002630AEF9600][000002630B914EC0 49] iPhoneXSMax, [000002630AE56500][000002630B919040 49] iPhoneXR, [000002630AEFAA00][000002630B91D1C0 49] iPhone11, [000002630AE57A00][000002630B931340 49] iPhone11Pro, [000002630AEF8F00][000002630B9354C0 49] iPhone11ProMax, [000002630AE56300][000002630B939640 49] iPhoneSE2, [000002630AEFA700][000002630B93D7C0 49] iPhone12Mini, [000002630AE54700][000002630B941940 49] iPhone12, [000002630AEFB100][000002630B945AC0 49] iPhone12Pro, [000002630AE57500][000002630B9480C0 49] iPhone12ProMax, [000002630AEF8800][000002630B94C240 49] iPadPro105, [000002630AE55C00][000002630B9503C0 49] iPadPro129, [000002630AEF8300][000002630B954540 49] iPadPro97, [000002630AE55D00][000002630B9586C0 49] iPadPro2_129, [000002630AEF8C00][000002630B95C840 49] iPad5, [000002630AE57000][000002630B9609C0 49] iPad6, [000002630AEFAC00][000002630B964B40 49] iPad7, [000002630AE56E00][000002630B910C80 49] iPad8, [000002630AEF9800][000002630B968DC0 49] iPadPro11, [000002630AE55B00][000002630B96CF00 49] iPadPro2_11, [000002630AEF9500][000002630B975080 49] iPadPro3_129, [000002630AE56700][000002630B979200 49] iPadPro4_129, [000002630AEF8100][000002630B97D380 49] AppleTV, [000002630AE56B00][000002630B981500 49] AppleTV4K, [000002630AEF9B00][000002630B985680 49] TVOS, [000002630AE54900][000002630B989800 49] Mac, [000002630AEF9700][000002630B98D980 49] MacClient, [000002630AE56F00][000002630B991B00 49] MacNoEditor, [000002630AEF8D00][000002630B994100 49] MacServer, [000002630AE54300][000002630B998280 49] Linux, [000002630AEFAE00][000002630B99C400 49] LinuxAArch64, [000002630AE55500][000002630B9A0580 49] LinuxNoEditor, [000002630AEFA400][000002630B9A4700 49] LinuxAArch64NoEditor, [000002630AE54200][000002630B9A8880 49] LinuxClient, [000002630AEFAD00][000002630B9ACA00 49] LinuxAArch64Client, [000002630AE54C00][000002630B9B0B80 49] LinuxServer, [000002630AEF8400][000002630B9B4D00 49] LinuxAArch64Server, [000002630AE55000][000002630B970E40 49] Android, [000002630AE9F900][000002630B9B8F80 49] Android_Low, [000002630AE4DB00][000002630B9BD0C0 49] Android_Mid, [000002630AE9F000][000002630B9C5240 49] Android_High, [000002630AE4E300][000002630B9C93C0 49] Android_Default, [000002630AE9E000][000002630B9CD540 49] Android_Adreno4xx, [000002630AE4C100][000002630B9D16C0 49] Android_Adreno5xx_Low, [000002630AE9CB00][000002630B9D5840 49] Android_Adreno5xx, [000002630AE4D800][000002630B9D99C0 49] Android_Adreno6xx, [000002630AE9D100][000002630B9DDB40 49] Android_Adreno6xx_Vulkan, [000002630AE4C800][000002630B9E0140 49] Android_Mali_T6xx, [000002630AE9F600][000002630B9E42C0 49] Android_Mali_T7xx, [000002630AE4CD00][000002630B9E8440 49] Android_Mali_T8xx, [000002630AE9FC00][000002630B9EC5C0 49] Android_Mali_G71, [000002630AE4D500][000002630B9F0740 49] Android_Mali_G72, [000002630AE9FE00][000002630B9F48C0 49] Android_Mali_G72_Vulkan, [000002630AE4FD00][000002630B9F8A40 49] Android_Mali_G76, [000002630AE9FA00][000002630B9FCBC0 49] Android_Mali_G76_Vulkan, [000002630AE4F600][000002630BA00D40 49] Android_Mali_G77, [000002630AE9E200][000002630BA04EC0 49] Android_Mali_G77_Vulkan, [000002630AE4D200][000002630B9C1000 49] Android_Mali_G78, [000002630AE9CA00][000002630BA09140 49] Android_Mali_G78_Vulkan, [000002630AE4F000][000002630BA0D280 49] Android_Mali_G710, [000002630AE9D400][000002630BA113C0 49] Android_Mali_G710_Vulkan, [000002630AE4C700][000002630BA19540 49] Android_Vulkan_SM5, [000002630AE9D800][000002630BA1D6C0 49] Android_PowerVR_G6xxx, [000002630AE4CE00][000002630BA21840 49] Android_PowerVR_GT7xxx, [000002630AE9C200][000002630BA259C0 49] Android_PowerVR_GE8xxx, [000002630AE4C600][000002630BA29B40 49] Android_PowerVR_GM9xxx, [000002630AE9E600][000002630BA2C140 49] Android_PowerVR_GM9xxx_Vulkan, [000002630AE54F00][000002630BA302C0 49] Android_TegraK1, [000002630AE9EA00][000002630BA34440 49] Android_Unknown_Vulkan, [000002630AE54D00][000002630BA385C0 49] Lumin, [000002630AE9D200][000002630BA3C740 49] Lumin_Desktop, [000002630AE54B00][000002630BA408C0 49] HoloLens, 
[2025.02.09-14.41.57:583][  0]LogMeshReduction: Using QuadricMeshReduction for automatic static mesh reduction
[2025.02.09-14.41.57:583][  0]LogMeshReduction: Using SimplygonMeshReduction for automatic skeletal mesh reduction
[2025.02.09-14.41.57:583][  0]LogMeshReduction: Using ProxyLODMeshReduction for automatic mesh merging
[2025.02.09-14.41.57:583][  0]LogMeshReduction: No distributed automatic mesh merging module available
[2025.02.09-14.41.57:583][  0]LogMeshMerging: No distributed automatic mesh merging module available
[2025.02.09-14.41.57:803][  0]LogNetVersion: MyProject 1.0.0, NetCL: 17155196, EngineNetVer: 17, GameNetVer: 0 (Checksum: 3629800737)
[2025.02.09-14.42.05:383][  0]LogTexture: Default maximum texture size for cubemaps generated from long-lat sources has been changed from 512 to unlimited. In order to preserve old behaiour for '/Engine/MapTemplates/Sky/DaylightAmbientCubemap.DaylightAmbientCubemap', its maximum texture size has been explicitly set to 512.
[2025.02.09-14.42.05:585][  0]LogHMD: PokeAHoleMaterial loaded successfully
[2025.02.09-14.42.05:591][  0]LogUObjectArray: 17178 objects as part of root set at end of initial load.
[2025.02.09-14.42.05:591][  0]LogUObjectAllocator: 4302048 out of 0 bytes used by permanent object pool.
[2025.02.09-14.42.05:591][  0]LogUObjectArray: CloseDisregardForGC: 0/0 objects in disregard for GC pool
[2025.02.09-14.42.07:530][  0]LogTcpMessaging: Initializing TcpMessaging bridge
[2025.02.09-14.42.07:554][  0]LogUdpMessaging: Initializing bridge on interface 0.0.0.0:0 to multicast group 230.0.0.1:6666.
[2025.02.09-14.42.07:607][  0]LogPython: Using Python 3.7.7
[2025.02.09-14.42.09:094][  0]LogNiagaraDebuggerClient: Niagara Debugger Client Initialized | Session: 4289E8AE487D1C0437D9B3A0995AC3CA | Instance: 308995B14E57DEBF5DDF71ADFC614D95 (GLEBCOMPUTER-20896).
[2025.02.09-14.42.11:064][  0]LogOpenImageDenoise: OIDN starting up
[2025.02.09-14.42.11:093][  0]LogAndroidPermission: UAndroidPermissionCallbackProxy::GetInstance
[2025.02.09-14.42.11:153][  0]LogAudioCaptureCore: Display: No Audio Capture implementations found. Audio input will be silent.
[2025.02.09-14.42.11:153][  0]LogAudioCaptureCore: Display: No Audio Capture implementations found. Audio input will be silent.
[2025.02.09-14.42.11:613][  0]SourceControl: Source control is disabled
[2025.02.09-14.42.11:613][  0]SourceControl: Source control is disabled
[2025.02.09-14.42.11:639][  0]SourceControl: Source control is disabled
[2025.02.09-14.42.11:655][  0]SourceControl: Source control is disabled
[2025.02.09-14.42.11:681][  0]SourceControl: Source control is disabled
[2025.02.09-14.42.11:684][  0]LogUProjectInfo: Found projects:
[2025.02.09-14.42.11:696][  0]LogVSAccessor: Display: Unable to create Visual Studio setup instance: 80040154
[2025.02.09-14.42.11:697][  0]LogVSAccessor: Display: Unable to create Visual Studio setup instance: 80040154
[2025.02.09-14.42.11:698][  0]LogVSAccessor: Display: Unable to create Visual Studio setup instance: 80040154
[2025.02.09-14.42.11:773][  0]LogCollectionManager: Loaded 0 collections in 0.000659 seconds
[2025.02.09-14.42.11:883][  0]LogFileCache: Scanning file cache for directory 'C:/Users/ganic/OneDrive/Документы/Unreal Projects/UE4G/MyProject/Saved/Collections/' took 0.00s
[2025.02.09-14.42.11:883][  0]LogFileCache: Scanning file cache for directory 'C:/Users/ganic/OneDrive/Документы/Unreal Projects/UE4G/MyProject/Content/Developers/ganic/Collections/' took 0.00s
[2025.02.09-14.42.11:883][  0]LogFileCache: Scanning file cache for directory 'C:/Users/ganic/OneDrive/Документы/Unreal Projects/UE4G/MyProject/Content/Collections/' took 0.00s
[2025.02.09-14.42.11:883][  0]LogOcInput: OculusInput pre-init called
[2025.02.09-14.42.12:426][  0]LogEngine: Initializing Engine...
[2025.02.09-14.42.12:442][  0]LogHMD: Failed to enumerate extensions. Please check that you have a valid OpenXR runtime installed.
[2025.02.09-14.42.12:442][  0]LogHMD: Failed to initialize OpenVR with code 110
[2025.02.09-14.42.12:442][  0]LogMagicLeap: Warning: VR disabled because ZI is not enabled.  To enable, in the editor, Edit -> Project Settings -> Plugins -> Magic Leap Plugin -> Enable Zero Iteration
[2025.02.09-14.42.12:444][  0]LogStats: UGameplayTagsManager::InitializeManager -  0.000 s
[2025.02.09-14.42.12:945][  0]LogInit: Initializing FReadOnlyCVARCache
[2025.02.09-14.42.12:978][  0]LogAIModule: Creating AISystem for world Untitled
[2025.02.09-14.42.12:978][  0]LogAudio: Display: Initializing Audio Device Manager...
[2025.02.09-14.42.12:981][  0]LogAudio: Display: Loading Default Audio Settings Objects...
[2025.02.09-14.42.12:996][  0]LogAudio: Display: No default SoundConcurrencyObject specified (or failed to load).
[2025.02.09-14.42.12:996][  0]LogAudio: Display: Audio Device Manager Initialized
[2025.02.09-14.42.12:996][  0]LogAudio: Display: Creating Audio Device:                 Id: 1, Scope: Shared, Realtime: True
[2025.02.09-14.42.12:996][  0]LogAudioMixer: Display: Audio Mixer Platform Settings:
[2025.02.09-14.42.12:996][  0]LogAudioMixer: Display: 	Sample Rate:						  48000
[2025.02.09-14.42.12:996][  0]LogAudioMixer: Display: 	Callback Buffer Frame Size Requested: 1024
[2025.02.09-14.42.12:996][  0]LogAudioMixer: Display: 	Callback Buffer Frame Size To Use:	  1024
[2025.02.09-14.42.12:996][  0]LogAudioMixer: Display: 	Number of buffers to queue:			  2
[2025.02.09-14.42.12:996][  0]LogAudioMixer: Display: 	Max Channels (voices):				  32
[2025.02.09-14.42.12:996][  0]LogAudioMixer: Display: 	Number of Async Source Workers:		  0
[2025.02.09-14.42.12:996][  0]LogAudio: Display: AudioDevice MaxSources: 32
[2025.02.09-14.42.12:997][  0]LogAudio: Display: Audio Spatialization Plugin: None (built-in).
[2025.02.09-14.42.12:997][  0]LogAudio: Display: Audio Reverb Plugin: None (built-in).
[2025.02.09-14.42.12:997][  0]LogAudio: Display: Audio Occlusion Plugin: None (built-in).
[2025.02.09-14.42.12:997][  0]LogAudioMixer: Display: Initializing audio mixer.
[2025.02.09-14.42.13:028][  0]LogAudioMixer: Display: 0: FrontLeft
[2025.02.09-14.42.13:028][  0]LogAudioMixer: Display: 1: FrontRight
[2025.02.09-14.42.13:044][  0]LogAudioMixer: Display: Using Audio Device Динамики (HyperX Quadcast)
[2025.02.09-14.42.13:045][  0]LogAudioMixer: Display: Initializing Sound Submixes...
[2025.02.09-14.42.13:056][  0]LogAudioMixer: Display: Creating Master Submix 'MasterSubmixDefault'
[2025.02.09-14.42.13:057][  0]LogAudioMixer: Display: Creating Master Submix 'MasterReverbSubmixDefault'
[2025.02.09-14.42.13:057][  0]LogAudioMixer: Display: Creating Master Submix 'MasterEQSubmixDefault'
[2025.02.09-14.42.13:057][  0]LogAudioMixer: FMixerPlatformXAudio2::StartAudioStream() called
[2025.02.09-14.42.13:057][  0]LogAudioMixer: Display: Output buffers initialized: Frames=1024, Channels=2, Samples=2048
[2025.02.09-14.42.13:058][  0]LogAudioMixer: Display: Starting AudioMixerPlatformInterface::RunInternal()
[2025.02.09-14.42.13:058][  0]LogAudioMixer: Display: FMixerPlatformXAudio2::SubmitBuffer() called for the first time
[2025.02.09-14.42.13:058][  0]LogInit: FAudioDevice initialized.
[2025.02.09-14.42.13:058][  0]LogAudio: Display: Audio Device (ID: 1) registered with world 'Untitled'.
[2025.02.09-14.42.13:058][  0]LogNetVersion: Set ProjectVersion to 1.0.0.0. Version Checksum will be recalculated on next use.
[2025.02.09-14.42.13:112][  0]LogDerivedDataCache: Saved boot cache 0.05s 94MB C:/Users/ganic/AppData/Local/UnrealEngine/4.27/DerivedDataCache/Boot.ddc.
[2025.02.09-14.42.13:112][  0]LogInit: Texture streaming: Enabled
[2025.02.09-14.42.13:126][  0]LogAnalytics: Display: [UEEditor.Rocket.Release] APIServer = https://datarouter.ol.epicgames.com/. AppVersion = 4.27.2-18319896+++UE4+Release-4.27
[2025.02.09-14.42.13:144][  0]LogEngineSessionManager: EngineSessionManager initialized
[2025.02.09-14.42.13:146][  0]LogEngineSessionManager: EngineSessionManager sent abnormal shutdown report. Type=Crashed, SessionId={3E269B88-4855-BF64-8737-6AB9274FD5E9}
[2025.02.09-14.42.13:146][  0]LogEditorSessionSummary: Verbose: Initializing EditorSessionSummaryWriter for editor session tracking
[2025.02.09-14.42.13:148][  0]LogEditorSessionSummary: EditorSessionSummaryWriter initialized
[2025.02.09-14.42.13:262][  0]LogInit: Transaction tracking system initialized
[2025.02.09-14.42.13:420][  0]BlueprintLog: New page: Editor Load
[2025.02.09-14.42.13:640][  0]LocalizationService: Localization service is disabled
[2025.02.09-14.42.13:765][  0]TimingProfiler: Initialize
[2025.02.09-14.42.13:765][  0]TimingProfiler: OnSessionChanged
[2025.02.09-14.42.13:765][  0]LoadingProfiler: Initialize
[2025.02.09-14.42.13:765][  0]LoadingProfiler: OnSessionChanged
[2025.02.09-14.42.13:765][  0]NetworkingProfiler: Initialize
[2025.02.09-14.42.13:765][  0]NetworkingProfiler: OnSessionChanged
[2025.02.09-14.42.13:766][  0]MemoryProfiler: Initialize
[2025.02.09-14.42.13:766][  0]MemoryProfiler: OnSessionChanged
[2025.02.09-14.42.13:982][  0]LogVSAccessor: Display: Unable to create Visual Studio setup instance: 80040154
[2025.02.09-14.42.13:983][  0]LogVSAccessor: Display: Unable to create Visual Studio setup instance: 80040154
[2025.02.09-14.42.13:983][  0]LogVSAccessor: Display: Unable to create Visual Studio setup instance: 80040154
[2025.02.09-14.42.15:231][  0]LogCook: Display: CookSettings for Memory: MemoryMaxUsedVirtual 0MiB, MemoryMaxUsedPhysical 16384MiB, MemoryMinFreeVirtual 0MiB, MemoryMinFreePhysical 1024MiB
[2025.02.09-14.42.15:231][  0]LogCook: Display: Mobile HDR setting 1
[2025.02.09-14.42.15:720][  0]LogFileCache: Scanning file cache for directory 'C:/Users/ganic/OneDrive/Документы/Unreal Projects/UE4G/MyProject/Content/' took 0.00s
[2025.02.09-14.42.16:691][  0]LogInit: Display: Engine is initialized. Leaving FEngineLoop::Init()
[2025.02.09-14.42.16:706][  0]SourceControl: Source control is disabled
[2025.02.09-14.42.16:706][  0]LogUnrealEdMisc: Loading editor; pre map load, took 33.164
[2025.02.09-14.42.16:706][  0]Cmd: MAP LOAD FILE="C:/Users/ganic/OneDrive/Документы/Unreal Projects/UE4G/MyProject/Content/StarterContent/Maps/Minimal_Default.umap" TEMPLATE=0 SHOWPROGRESS=1 FEATURELEVEL=3
[2025.02.09-14.42.16:706][  0]LightingResults: New page: Lighting Build
[2025.02.09-14.42.16:754][  0]LogWorld: UWorld::CleanupWorld for Untitled, bSessionEnded=true, bCleanupResources=true
[2025.02.09-14.42.16:754][  0]LogSlate: InvalidateAllWidgets triggered.  All widgets were invalidated
[2025.02.09-14.42.16:754][  0]MapCheck: New page: Map Check
[2025.02.09-14.42.16:754][  0]LightingResults: New page: Lighting Build
[2025.02.09-14.42.16:760][  0]LogAudio: Display: Audio Device unregistered from world 'None'.
[2025.02.09-14.42.16:802][  0]LogUObjectHash: Compacting FUObjectHashTables data took   1.15ms
[2025.02.09-14.42.17:481][  0]LogDerivedDataCache: C:/Users/ganic/AppData/Local/UnrealEngine/Common/DerivedDataCache: Move collision, attempt at redundant update, OK C:/Users/ganic/AppData/Local/UnrealEngine/Common/DerivedDataCache/3/5/0/PHYSX_A08609EF508D460CBB6710540B03AACF_PHYSXPC_1698A0314FBEAB04EAAD97B36DD302E__DB3F398CE7BF20E53D139CDA97F85B0190C5E425.udd.
[2025.02.09-14.42.17:481][  0]LogDerivedDataCache: C:/Users/ganic/AppData/Local/UnrealEngine/Common/DerivedDataCache: Move collision, attempt at redundant update, OK C:/Users/ganic/AppData/Local/UnrealEngine/Common/DerivedDataCache/8/0/3/NAVCOLLISION_2983273BE5D6425391E8C0B3D1C0A55D_NAVCOLLISION_X_1698A0314FBEAB04E__4D3859648A0C2224E7E5ADBFFA2EC8F80D163CC1.udd.
[2025.02.09-14.42.17:510][  0]LogAudio: Display: Audio Device (ID: 1) registered with world 'Minimal_Default'.
[2025.02.09-14.42.17:511][  0]LogAIModule: Creating AISystem for world Minimal_Default
[2025.02.09-14.42.17:546][  0]LogEditorServer: Finished looking for orphan Actors (0.000 secs)
[2025.02.09-14.42.17:555][  0]LogUObjectHash: Compacting FUObjectHashTables data took   1.17ms
[2025.02.09-14.42.17:555][  0]Cmd: MAP CHECKDEP NOCLEARLOG
[2025.02.09-14.42.17:556][  0]MapCheck: Map check complete: 0 Error(s), 0 Warning(s), took 0.221ms to complete.
[2025.02.09-14.42.17:556][  0]LogFileHelpers: Loading map 'Minimal_Default' took 0.850
[2025.02.09-14.42.17:558][  0]LogUnrealEdMisc: Total Editor Startup Time, took 34.017
[2025.02.09-14.42.17:742][  0]LogSlate: Updating window title bar state: overlay mode, drag disabled, window buttons hidden, title bar hidden
[2025.02.09-14.42.17:748][  0]LogSlate: Updating window title bar state: overlay mode, drag disabled, window buttons hidden, title bar hidden
[2025.02.09-14.42.17:755][  0]LogSlate: Updating window title bar state: overlay mode, drag disabled, window buttons hidden, title bar hidden
[2025.02.09-14.42.17:760][  0]LogSlate: Updating window title bar state: overlay mode, drag disabled, window buttons hidden, title bar hidden
[2025.02.09-14.42.17:788][  0]LogNativeClassHierarchy: Verbose: Native class hierarchy populated in 0.0097 seconds. Added 3822 classes and 928 folders.
[2025.02.09-14.42.17:804][  0]LogNativeClassHierarchy: Verbose: Native class hierarchy updated for 'WidgetCarousel' in 0.0004 seconds. Added 0 classes and 0 folders.
[2025.02.09-14.42.17:874][  0]LogPakFile: PakFile PrimaryIndexSize=187
[2025.02.09-14.42.17:874][  0]LogPakFile: PakFile PathHashIndexSize=101
[2025.02.09-14.42.17:874][  0]LogPakFile: PakFile FullDirectoryIndexSize=148
[2025.02.09-14.42.17:874][  0]LogShaderLibrary: Display: ShaderCodeLibraryPakFileMountedCallback: PakFile 'D:/Epic Games/UE_4.27/FeaturePacks/FP_FirstPerson.upack' (chunk index -1, root 'root:/') mounted
[2025.02.09-14.42.17:874][  0]LogShaderLibrary: Display: ShaderCodeLibraryPakFileMountedCallback: pending pak file info (ChunkID:-1 Root:root:/ File:D:/Epic Games/UE_4.27/FeaturePacks/FP_FirstPerson.upack)
[2025.02.09-14.42.17:874][  0]LogPakFile: OnPakFileMounted2Time == 0.000057
[2025.02.09-14.42.17:897][  0]LogPakFile: PakFile PrimaryIndexSize=189
[2025.02.09-14.42.17:897][  0]LogPakFile: PakFile PathHashIndexSize=101
[2025.02.09-14.42.17:897][  0]LogPakFile: PakFile FullDirectoryIndexSize=152
[2025.02.09-14.42.17:897][  0]LogShaderLibrary: Display: ShaderCodeLibraryPakFileMountedCallback: PakFile 'D:/Epic Games/UE_4.27/FeaturePacks/FP_FirstPersonBP.upack' (chunk index -1, root 'root:/') mounted
[2025.02.09-14.42.17:897][  0]LogShaderLibrary: Display: ShaderCodeLibraryPakFileMountedCallback: pending pak file info (ChunkID:-1 Root:root:/ File:D:/Epic Games/UE_4.27/FeaturePacks/FP_FirstPersonBP.upack)
[2025.02.09-14.42.17:897][  0]LogPakFile: OnPakFileMounted2Time == 0.000039
[2025.02.09-14.42.17:923][  0]LogPakFile: PakFile PrimaryIndexSize=191
[2025.02.09-14.42.17:924][  0]LogPakFile: PakFile PathHashIndexSize=101
[2025.02.09-14.42.17:924][  0]LogPakFile: PakFile FullDirectoryIndexSize=160
[2025.02.09-14.42.17:924][  0]LogShaderLibrary: Display: ShaderCodeLibraryPakFileMountedCallback: PakFile 'D:/Epic Games/UE_4.27/FeaturePacks/MobileStarterContent.upack' (chunk index -1, root 'root:/') mounted
[2025.02.09-14.42.17:924][  0]LogShaderLibrary: Display: ShaderCodeLibraryPakFileMountedCallback: pending pak file info (ChunkID:-1 Root:root:/ File:D:/Epic Games/UE_4.27/FeaturePacks/MobileStarterContent.upack)
[2025.02.09-14.42.17:924][  0]LogPakFile: OnPakFileMounted2Time == 0.000034
[2025.02.09-14.42.17:925][  0]LogPakFile: PakFile PrimaryIndexSize=185
[2025.02.09-14.42.17:925][  0]LogPakFile: PakFile PathHashIndexSize=101
[2025.02.09-14.42.17:925][  0]LogPakFile: PakFile FullDirectoryIndexSize=148
[2025.02.09-14.42.17:925][  0]LogShaderLibrary: Display: ShaderCodeLibraryPakFileMountedCallback: PakFile 'D:/Epic Games/UE_4.27/FeaturePacks/StarterContent.upack' (chunk index -1, root 'root:/') mounted
[2025.02.09-14.42.17:925][  0]LogShaderLibrary: Display: ShaderCodeLibraryPakFileMountedCallback: pending pak file info (ChunkID:-1 Root:root:/ File:D:/Epic Games/UE_4.27/FeaturePacks/StarterContent.upack)
[2025.02.09-14.42.17:925][  0]LogPakFile: OnPakFileMounted2Time == 0.000043
[2025.02.09-14.42.17:926][  0]LogPakFile: PakFile PrimaryIndexSize=190
[2025.02.09-14.42.17:926][  0]LogPakFile: PakFile PathHashIndexSize=101
[2025.02.09-14.42.17:926][  0]LogPakFile: PakFile FullDirectoryIndexSize=154
[2025.02.09-14.42.17:926][  0]LogShaderLibrary: Display: ShaderCodeLibraryPakFileMountedCallback: PakFile 'D:/Epic Games/UE_4.27/FeaturePacks/TP_2DSideScroller.upack' (chunk index -1, root 'root:/') mounted
[2025.02.09-14.42.17:926][  0]LogShaderLibrary: Display: ShaderCodeLibraryPakFileMountedCallback: pending pak file info (ChunkID:-1 Root:root:/ File:D:/Epic Games/UE_4.27/FeaturePacks/TP_2DSideScroller.upack)
[2025.02.09-14.42.17:926][  0]LogPakFile: OnPakFileMounted2Time == 0.000036
[2025.02.09-14.42.17:943][  0]LogPakFile: PakFile PrimaryIndexSize=192
[2025.02.09-14.42.17:943][  0]LogPakFile: PakFile PathHashIndexSize=101
[2025.02.09-14.42.17:943][  0]LogPakFile: PakFile FullDirectoryIndexSize=158
[2025.02.09-14.42.17:943][  0]LogShaderLibrary: Display: ShaderCodeLibraryPakFileMountedCallback: PakFile 'D:/Epic Games/UE_4.27/FeaturePacks/TP_2DSideScrollerBP.upack' (chunk index -1, root 'root:/') mounted
[2025.02.09-14.42.17:943][  0]LogShaderLibrary: Display: ShaderCodeLibraryPakFileMountedCallback: pending pak file info (ChunkID:-1 Root:root:/ File:D:/Epic Games/UE_4.27/FeaturePacks/TP_2DSideScrollerBP.upack)
[2025.02.09-14.42.17:943][  0]LogPakFile: OnPakFileMounted2Time == 0.000039
[2025.02.09-14.42.17:944][  0]LogPakFile: PakFile PrimaryIndexSize=182
[2025.02.09-14.42.17:944][  0]LogPakFile: PakFile PathHashIndexSize=101
[2025.02.09-14.42.17:945][  0]LogPakFile: PakFile FullDirectoryIndexSize=138
[2025.02.09-14.42.17:945][  0]LogShaderLibrary: Display: ShaderCodeLibraryPakFileMountedCallback: PakFile 'D:/Epic Games/UE_4.27/FeaturePacks/TP_Flying.upack' (chunk index -1, root 'root:/') mounted
[2025.02.09-14.42.17:945][  0]LogShaderLibrary: Display: ShaderCodeLibraryPakFileMountedCallback: pending pak file info (ChunkID:-1 Root:root:/ File:D:/Epic Games/UE_4.27/FeaturePacks/TP_Flying.upack)
[2025.02.09-14.42.17:945][  0]LogPakFile: OnPakFileMounted2Time == 0.000033
[2025.02.09-14.42.17:961][  0]LogPakFile: PakFile PrimaryIndexSize=184
[2025.02.09-14.42.17:961][  0]LogPakFile: PakFile PathHashIndexSize=101
[2025.02.09-14.42.17:961][  0]LogPakFile: PakFile FullDirectoryIndexSize=142
[2025.02.09-14.42.17:961][  0]LogShaderLibrary: Display: ShaderCodeLibraryPakFileMountedCallback: PakFile 'D:/Epic Games/UE_4.27/FeaturePacks/TP_FlyingBP.upack' (chunk index -1, root 'root:/') mounted
[2025.02.09-14.42.17:961][  0]LogShaderLibrary: Display: ShaderCodeLibraryPakFileMountedCallback: pending pak file info (ChunkID:-1 Root:root:/ File:D:/Epic Games/UE_4.27/FeaturePacks/TP_FlyingBP.upack)
[2025.02.09-14.42.17:961][  0]LogPakFile: OnPakFileMounted2Time == 0.000043
[2025.02.09-14.42.17:978][  0]LogPakFile: PakFile PrimaryIndexSize=188
[2025.02.09-14.42.17:978][  0]LogPakFile: PakFile PathHashIndexSize=101
[2025.02.09-14.42.17:978][  0]LogPakFile: PakFile FullDirectoryIndexSize=150
[2025.02.09-14.42.17:978][  0]LogShaderLibrary: Display: ShaderCodeLibraryPakFileMountedCallback: PakFile 'D:/Epic Games/UE_4.27/FeaturePacks/TP_HandheldARBP.upack' (chunk index -1, root 'root:/') mounted
[2025.02.09-14.42.17:978][  0]LogShaderLibrary: Display: ShaderCodeLibraryPakFileMountedCallback: pending pak file info (ChunkID:-1 Root:root:/ File:D:/Epic Games/UE_4.27/FeaturePacks/TP_HandheldARBP.upack)
[2025.02.09-14.42.17:978][  0]LogPakFile: OnPakFileMounted2Time == 0.000041
[2025.02.09-14.42.17:988][  0]LogPakFile: PakFile PrimaryIndexSize=182
[2025.02.09-14.42.17:988][  0]LogPakFile: PakFile PathHashIndexSize=101
[2025.02.09-14.42.17:988][  0]LogPakFile: PakFile FullDirectoryIndexSize=138
[2025.02.09-14.42.17:988][  0]LogShaderLibrary: Display: ShaderCodeLibraryPakFileMountedCallback: PakFile 'D:/Epic Games/UE_4.27/FeaturePacks/TP_Puzzle.upack' (chunk index -1, root 'root:/') mounted
[2025.02.09-14.42.17:988][  0]LogShaderLibrary: Display: ShaderCodeLibraryPakFileMountedCallback: pending pak file info (ChunkID:-1 Root:root:/ File:D:/Epic Games/UE_4.27/FeaturePacks/TP_Puzzle.upack)
[2025.02.09-14.42.17:988][  0]LogPakFile: OnPakFileMounted2Time == 0.000035
[2025.02.09-14.42.18:002][  0]LogPakFile: PakFile PrimaryIndexSize=184
[2025.02.09-14.42.18:002][  0]LogPakFile: PakFile PathHashIndexSize=101
[2025.02.09-14.42.18:002][  0]LogPakFile: PakFile FullDirectoryIndexSize=142
[2025.02.09-14.42.18:002][  0]LogShaderLibrary: Display: ShaderCodeLibraryPakFileMountedCallback: PakFile 'D:/Epic Games/UE_4.27/FeaturePacks/TP_PuzzleBP.upack' (chunk index -1, root 'root:/') mounted
[2025.02.09-14.42.18:002][  0]LogShaderLibrary: Display: ShaderCodeLibraryPakFileMountedCallback: pending pak file info (ChunkID:-1 Root:root:/ File:D:/Epic Games/UE_4.27/FeaturePacks/TP_PuzzleBP.upack)
[2025.02.09-14.42.18:002][  0]LogPakFile: OnPakFileMounted2Time == 0.000049
[2025.02.09-14.42.18:003][  0]LogPakFile: PakFile PrimaryIndexSize=183
[2025.02.09-14.42.18:003][  0]LogPakFile: PakFile PathHashIndexSize=101
[2025.02.09-14.42.18:003][  0]LogPakFile: PakFile FullDirectoryIndexSize=140
[2025.02.09-14.42.18:003][  0]LogShaderLibrary: Display: ShaderCodeLibraryPakFileMountedCallback: PakFile 'D:/Epic Games/UE_4.27/FeaturePacks/TP_Rolling.upack' (chunk index -1, root 'root:/') mounted
[2025.02.09-14.42.18:003][  0]LogShaderLibrary: Display: ShaderCodeLibraryPakFileMountedCallback: pending pak file info (ChunkID:-1 Root:root:/ File:D:/Epic Games/UE_4.27/FeaturePacks/TP_Rolling.upack)
[2025.02.09-14.42.18:003][  0]LogPakFile: OnPakFileMounted2Time == 0.000034
[2025.02.09-14.42.18:016][  0]LogPakFile: PakFile PrimaryIndexSize=185
[2025.02.09-14.42.18:016][  0]LogPakFile: PakFile PathHashIndexSize=101
[2025.02.09-14.42.18:016][  0]LogPakFile: PakFile FullDirectoryIndexSize=144
[2025.02.09-14.42.18:016][  0]LogShaderLibrary: Display: ShaderCodeLibraryPakFileMountedCallback: PakFile 'D:/Epic Games/UE_4.27/FeaturePacks/TP_RollingBP.upack' (chunk index -1, root 'root:/') mounted
[2025.02.09-14.42.18:016][  0]LogShaderLibrary: Display: ShaderCodeLibraryPakFileMountedCallback: pending pak file info (ChunkID:-1 Root:root:/ File:D:/Epic Games/UE_4.27/FeaturePacks/TP_RollingBP.upack)
[2025.02.09-14.42.18:016][  0]LogPakFile: OnPakFileMounted2Time == 0.000041
[2025.02.09-14.42.18:017][  0]LogPakFile: PakFile PrimaryIndexSize=188
[2025.02.09-14.42.18:017][  0]LogPakFile: PakFile PathHashIndexSize=101
[2025.02.09-14.42.18:017][  0]LogPakFile: PakFile FullDirectoryIndexSize=150
[2025.02.09-14.42.18:017][  0]LogShaderLibrary: Display: ShaderCodeLibraryPakFileMountedCallback: PakFile 'D:/Epic Games/UE_4.27/FeaturePacks/TP_SideScroller.upack' (chunk index -1, root 'root:/') mounted
[2025.02.09-14.42.18:017][  0]LogShaderLibrary: Display: ShaderCodeLibraryPakFileMountedCallback: pending pak file info (ChunkID:-1 Root:root:/ File:D:/Epic Games/UE_4.27/FeaturePacks/TP_SideScroller.upack)
[2025.02.09-14.42.18:017][  0]LogPakFile: OnPakFileMounted2Time == 0.000034
[2025.02.09-14.42.18:018][  0]LogPakFile: PakFile PrimaryIndexSize=190
[2025.02.09-14.42.18:018][  0]LogPakFile: PakFile PathHashIndexSize=101
[2025.02.09-14.42.18:018][  0]LogPakFile: PakFile FullDirectoryIndexSize=154
[2025.02.09-14.42.18:018][  0]LogShaderLibrary: Display: ShaderCodeLibraryPakFileMountedCallback: PakFile 'D:/Epic Games/UE_4.27/FeaturePacks/TP_SideScrollerBP.upack' (chunk index -1, root 'root:/') mounted
[2025.02.09-14.42.18:018][  0]LogShaderLibrary: Display: ShaderCodeLibraryPakFileMountedCallback: pending pak file info (ChunkID:-1 Root:root:/ File:D:/Epic Games/UE_4.27/FeaturePacks/TP_SideScrollerBP.upack)
[2025.02.09-14.42.18:018][  0]LogPakFile: OnPakFileMounted2Time == 0.000067
[2025.02.09-14.42.18:022][  0]LogPakFile: PakFile PrimaryIndexSize=187
[2025.02.09-14.42.18:022][  0]LogPakFile: PakFile PathHashIndexSize=101
[2025.02.09-14.42.18:022][  0]LogPakFile: PakFile FullDirectoryIndexSize=148
[2025.02.09-14.42.18:022][  0]LogShaderLibrary: Display: ShaderCodeLibraryPakFileMountedCallback: PakFile 'D:/Epic Games/UE_4.27/FeaturePacks/TP_ThirdPerson.upack' (chunk index -1, root 'root:/') mounted
[2025.02.09-14.42.18:022][  0]LogShaderLibrary: Display: ShaderCodeLibraryPakFileMountedCallback: pending pak file info (ChunkID:-1 Root:root:/ File:D:/Epic Games/UE_4.27/FeaturePacks/TP_ThirdPerson.upack)
[2025.02.09-14.42.18:022][  0]LogPakFile: OnPakFileMounted2Time == 0.000034
[2025.02.09-14.42.18:023][  0]LogPakFile: PakFile PrimaryIndexSize=189
[2025.02.09-14.42.18:023][  0]LogPakFile: PakFile PathHashIndexSize=101
[2025.02.09-14.42.18:023][  0]LogPakFile: PakFile FullDirectoryIndexSize=152
[2025.02.09-14.42.18:023][  0]LogShaderLibrary: Display: ShaderCodeLibraryPakFileMountedCallback: PakFile 'D:/Epic Games/UE_4.27/FeaturePacks/TP_ThirdPersonBP.upack' (chunk index -1, root 'root:/') mounted
[2025.02.09-14.42.18:023][  0]LogShaderLibrary: Display: ShaderCodeLibraryPakFileMountedCallback: pending pak file info (ChunkID:-1 Root:root:/ File:D:/Epic Games/UE_4.27/FeaturePacks/TP_ThirdPersonBP.upack)
[2025.02.09-14.42.18:023][  0]LogPakFile: OnPakFileMounted2Time == 0.000043
[2025.02.09-14.42.18:025][  0]LogPakFile: PakFile PrimaryIndexSize=183
[2025.02.09-14.42.18:025][  0]LogPakFile: PakFile PathHashIndexSize=101
[2025.02.09-14.42.18:025][  0]LogPakFile: PakFile FullDirectoryIndexSize=140
[2025.02.09-14.42.18:025][  0]LogShaderLibrary: Display: ShaderCodeLibraryPakFileMountedCallback: PakFile 'D:/Epic Games/UE_4.27/FeaturePacks/TP_TopDown.upack' (chunk index -1, root 'root:/') mounted
[2025.02.09-14.42.18:025][  0]LogShaderLibrary: Display: ShaderCodeLibraryPakFileMountedCallback: pending pak file info (ChunkID:-1 Root:root:/ File:D:/Epic Games/UE_4.27/FeaturePacks/TP_TopDown.upack)
[2025.02.09-14.42.18:025][  0]LogPakFile: OnPakFileMounted2Time == 0.000038
[2025.02.09-14.42.18:025][  0]LogPakFile: PakFile PrimaryIndexSize=185
[2025.02.09-14.42.18:025][  0]LogPakFile: PakFile PathHashIndexSize=101
[2025.02.09-14.42.18:025][  0]LogPakFile: PakFile FullDirectoryIndexSize=144
[2025.02.09-14.42.18:025][  0]LogShaderLibrary: Display: ShaderCodeLibraryPakFileMountedCallback: PakFile 'D:/Epic Games/UE_4.27/FeaturePacks/TP_TopDownBP.upack' (chunk index -1, root 'root:/') mounted
[2025.02.09-14.42.18:025][  0]LogShaderLibrary: Display: ShaderCodeLibraryPakFileMountedCallback: pending pak file info (ChunkID:-1 Root:root:/ File:D:/Epic Games/UE_4.27/FeaturePacks/TP_TopDownBP.upack)
[2025.02.09-14.42.18:025][  0]LogPakFile: OnPakFileMounted2Time == 0.000035
[2025.02.09-14.42.18:035][  0]LogPakFile: PakFile PrimaryIndexSize=185
[2025.02.09-14.42.18:035][  0]LogPakFile: PakFile PathHashIndexSize=101
[2025.02.09-14.42.18:035][  0]LogPakFile: PakFile FullDirectoryIndexSize=144
[2025.02.09-14.42.18:035][  0]LogShaderLibrary: Display: ShaderCodeLibraryPakFileMountedCallback: PakFile 'D:/Epic Games/UE_4.27/FeaturePacks/TP_TwinStick.upack' (chunk index -1, root 'root:/') mounted
[2025.02.09-14.42.18:035][  0]LogShaderLibrary: Display: ShaderCodeLibraryPakFileMountedCallback: pending pak file info (ChunkID:-1 Root:root:/ File:D:/Epic Games/UE_4.27/FeaturePacks/TP_TwinStick.upack)
[2025.02.09-14.42.18:035][  0]LogPakFile: OnPakFileMounted2Time == 0.000038
[2025.02.09-14.42.18:037][  0]LogPakFile: PakFile PrimaryIndexSize=187
[2025.02.09-14.42.18:037][  0]LogPakFile: PakFile PathHashIndexSize=101
[2025.02.09-14.42.18:037][  0]LogPakFile: PakFile FullDirectoryIndexSize=148
[2025.02.09-14.42.18:037][  0]LogShaderLibrary: Display: ShaderCodeLibraryPakFileMountedCallback: PakFile 'D:/Epic Games/UE_4.27/FeaturePacks/TP_TwinStickBP.upack' (chunk index -1, root 'root:/') mounted
[2025.02.09-14.42.18:037][  0]LogShaderLibrary: Display: ShaderCodeLibraryPakFileMountedCallback: pending pak file info (ChunkID:-1 Root:root:/ File:D:/Epic Games/UE_4.27/FeaturePacks/TP_TwinStickBP.upack)
[2025.02.09-14.42.18:037][  0]LogPakFile: OnPakFileMounted2Time == 0.000033
[2025.02.09-14.42.18:048][  0]LogPakFile: PakFile PrimaryIndexSize=183
[2025.02.09-14.42.18:048][  0]LogPakFile: PakFile PathHashIndexSize=101
[2025.02.09-14.42.18:048][  0]LogPakFile: PakFile FullDirectoryIndexSize=140
[2025.02.09-14.42.18:048][  0]LogShaderLibrary: Display: ShaderCodeLibraryPakFileMountedCallback: PakFile 'D:/Epic Games/UE_4.27/FeaturePacks/TP_Vehicle.upack' (chunk index -1, root 'root:/') mounted
[2025.02.09-14.42.18:048][  0]LogShaderLibrary: Display: ShaderCodeLibraryPakFileMountedCallback: pending pak file info (ChunkID:-1 Root:root:/ File:D:/Epic Games/UE_4.27/FeaturePacks/TP_Vehicle.upack)
[2025.02.09-14.42.18:048][  0]LogPakFile: OnPakFileMounted2Time == 0.000037
[2025.02.09-14.42.18:096][  0]LogPakFile: PakFile PrimaryIndexSize=186
[2025.02.09-14.42.18:096][  0]LogPakFile: PakFile PathHashIndexSize=101
[2025.02.09-14.42.18:096][  0]LogPakFile: PakFile FullDirectoryIndexSize=146
[2025.02.09-14.42.18:096][  0]LogShaderLibrary: Display: ShaderCodeLibraryPakFileMountedCallback: PakFile 'D:/Epic Games/UE_4.27/FeaturePacks/TP_VehicleAdv.upack' (chunk index -1, root 'root:/') mounted
[2025.02.09-14.42.18:096][  0]LogShaderLibrary: Display: ShaderCodeLibraryPakFileMountedCallback: pending pak file info (ChunkID:-1 Root:root:/ File:D:/Epic Games/UE_4.27/FeaturePacks/TP_VehicleAdv.upack)
[2025.02.09-14.42.18:096][  0]LogPakFile: OnPakFileMounted2Time == 0.000041
[2025.02.09-14.42.18:098][  0]LogPakFile: PakFile PrimaryIndexSize=188
[2025.02.09-14.42.18:098][  0]LogPakFile: PakFile PathHashIndexSize=101
[2025.02.09-14.42.18:098][  0]LogPakFile: PakFile FullDirectoryIndexSize=150
[2025.02.09-14.42.18:098][  0]LogShaderLibrary: Display: ShaderCodeLibraryPakFileMountedCallback: PakFile 'D:/Epic Games/UE_4.27/FeaturePacks/TP_VehicleAdvBP.upack' (chunk index -1, root 'root:/') mounted
[2025.02.09-14.42.18:098][  0]LogShaderLibrary: Display: ShaderCodeLibraryPakFileMountedCallback: pending pak file info (ChunkID:-1 Root:root:/ File:D:/Epic Games/UE_4.27/FeaturePacks/TP_VehicleAdvBP.upack)
[2025.02.09-14.42.18:098][  0]LogPakFile: OnPakFileMounted2Time == 0.000038
[2025.02.09-14.42.18:099][  0]LogPakFile: PakFile PrimaryIndexSize=185
[2025.02.09-14.42.18:099][  0]LogPakFile: PakFile PathHashIndexSize=101
[2025.02.09-14.42.18:099][  0]LogPakFile: PakFile FullDirectoryIndexSize=144
[2025.02.09-14.42.18:099][  0]LogShaderLibrary: Display: ShaderCodeLibraryPakFileMountedCallback: PakFile 'D:/Epic Games/UE_4.27/FeaturePacks/TP_VehicleBP.upack' (chunk index -1, root 'root:/') mounted
[2025.02.09-14.42.18:099][  0]LogShaderLibrary: Display: ShaderCodeLibraryPakFileMountedCallback: pending pak file info (ChunkID:-1 Root:root:/ File:D:/Epic Games/UE_4.27/FeaturePacks/TP_VehicleBP.upack)
[2025.02.09-14.42.18:099][  0]LogPakFile: OnPakFileMounted2Time == 0.000039
[2025.02.09-14.42.18:101][  0]LogPakFile: PakFile PrimaryIndexSize=192
[2025.02.09-14.42.18:101][  0]LogPakFile: PakFile PathHashIndexSize=101
[2025.02.09-14.42.18:101][  0]LogPakFile: PakFile FullDirectoryIndexSize=158
[2025.02.09-14.42.18:101][  0]LogShaderLibrary: Display: ShaderCodeLibraryPakFileMountedCallback: PakFile 'D:/Epic Games/UE_4.27/FeaturePacks/TP_VirtualRealityBP.upack' (chunk index -1, root 'root:/') mounted
[2025.02.09-14.42.18:101][  0]LogShaderLibrary: Display: ShaderCodeLibraryPakFileMountedCallback: pending pak file info (ChunkID:-1 Root:root:/ File:D:/Epic Games/UE_4.27/FeaturePacks/TP_VirtualRealityBP.upack)
[2025.02.09-14.42.18:101][  0]LogPakFile: OnPakFileMounted2Time == 0.000056
[2025.02.09-14.42.18:517][  0]LogNativeClassHierarchy: Verbose: Native class hierarchy updated for 'AddContentDialog' in 0.0003 seconds. Added 0 classes and 0 folders.
[2025.02.09-14.42.18:519][  0]LogNativeClassHierarchy: Verbose: Native class hierarchy updated for 'SceneOutliner' in 0.0005 seconds. Added 2 classes and 0 folders.
[2025.02.09-14.42.19:392][  0]LogSlate: Only BGRA pngs, bmps or icos are supported in by External Image Picker
[2025.02.09-14.42.19:486][  0]LogSlate: Took 0.000268 seconds to synchronously load lazily loaded font '../../../Engine/Content/Slate/Fonts/Roboto-Regular.ttf' (155K)
[2025.02.09-14.42.19:522][  0]LogSlate: Took 0.033467 seconds to synchronously load lazily loaded font '../../../Engine/Content/Editor/Slate/Fonts/FontAwesome.ttf' (139K)
[2025.02.09-14.42.19:523][  0]LogSlate: Took 0.000182 seconds to synchronously load lazily loaded font '../../../Engine/Content/Slate/Fonts/Roboto-Bold.ttf' (160K)
[2025.02.09-14.42.19:768][  0]LogRenderer: Reallocating scene render targets to support 1208x568 Format 10 NumSamples 1 (Frame:1).
[2025.02.09-14.42.19:978][  0]LogNativeClassHierarchy: Verbose: Native class hierarchy updated for 'HierarchicalLODOutliner' in 0.0003 seconds. Added 0 classes and 0 folders.
[2025.02.09-14.42.19:978][  0]LogLoad: (Engine Initialization) Total time: 36.44 seconds
[2025.02.09-14.42.19:978][  0]LogLoad: (Engine Initialization) Total Blueprint compile time: 0.00 seconds
[2025.02.09-14.42.20:042][  0]LogAssetRegistry: Asset discovery search completed in 23.6078 seconds
[2025.02.09-14.42.20:062][  0]LogCollectionManager: Fixed up redirectors for 0 collections in 0.000004 seconds (updated 0 objects)
[2025.02.09-14.42.20:066][  0]LogContentStreaming: Texture pool size now 1000 MB
[2025.02.09-14.42.20:667][  2]LogSlate: Took 0.000146 seconds to synchronously load lazily loaded font '../../../Engine/Content/Slate/Fonts/Roboto-Light.ttf' (167K)
[2025.02.09-14.54.02:719][106]LogAssetRegistry: Error: Failed to open file for write C:/Users/ganic/OneDrive/Документы/Unreal Projects/UE4G/MyProject/Intermediate/CachedAssetRegistry.bin.tmp
